\BOOKMARK [0][-]{chapter.1}{\376\377\0001\000\040\000I\000n\000d\000i\000c\000e\000\040\000d\000e\000\040\000n\000a\000m\000e\000s\000p\000a\000c\000e\000s}{}% 1
\BOOKMARK [1][-]{section.1.1}{\376\377\0001\000.\0001\000\040\000P\000a\000q\000u\000e\000t\000e\000s}{chapter.1}% 2
\BOOKMARK [0][-]{chapter.2}{\376\377\0002\000\040\000I\000n\000d\000i\000c\000e\000\040\000j\000e\000r\000\341\000r\000q\000u\000i\000c\000o}{}% 3
\BOOKMARK [1][-]{section.2.1}{\376\377\0002\000.\0001\000\040\000J\000e\000r\000a\000r\000q\000u\000\355\000a\000\040\000d\000e\000\040\000l\000a\000\040\000c\000l\000a\000s\000e}{chapter.2}% 4
\BOOKMARK [0][-]{chapter.3}{\376\377\0003\000\040\000\315\000n\000d\000i\000c\000e\000\040\000d\000e\000\040\000c\000l\000a\000s\000e\000s}{}% 5
\BOOKMARK [1][-]{section.3.1}{\376\377\0003\000.\0001\000\040\000L\000i\000s\000t\000a\000\040\000d\000e\000\040\000c\000l\000a\000s\000e\000s}{chapter.3}% 6
\BOOKMARK [0][-]{chapter.4}{\376\377\0004\000\040\000I\000n\000d\000i\000c\000e\000\040\000d\000e\000\040\000a\000r\000c\000h\000i\000v\000o\000s}{}% 7
\BOOKMARK [1][-]{section.4.1}{\376\377\0004\000.\0001\000\040\000L\000i\000s\000t\000a\000\040\000d\000e\000\040\000a\000r\000c\000h\000i\000v\000o\000s}{chapter.4}% 8
\BOOKMARK [0][-]{chapter.5}{\376\377\0005\000\040\000D\000o\000c\000u\000m\000e\000n\000t\000a\000c\000i\000\363\000n\000\040\000d\000e\000\040\000n\000a\000m\000e\000s\000p\000a\000c\000e\000s}{}% 9
\BOOKMARK [1][-]{section.5.1}{\376\377\0005\000.\0001\000\040\000P\000a\000q\000u\000e\000t\000e\000s\000\040\000e\000s}{chapter.5}% 10
\BOOKMARK [1][-]{section.5.2}{\376\377\0005\000.\0002\000\040\000P\000a\000q\000u\000e\000t\000e\000s\000\040\000e\000s\000.\000d\000e\000u\000s\000t\000o}{chapter.5}% 11
\BOOKMARK [1][-]{section.5.3}{\376\377\0005\000.\0003\000\040\000P\000a\000q\000u\000e\000t\000e\000s\000\040\000e\000s\000.\000d\000e\000u\000s\000t\000o\000.\000s\000p\000q}{chapter.5}% 12
\BOOKMARK [1][-]{section.5.4}{\376\377\0005\000.\0004\000\040\000P\000a\000q\000u\000e\000t\000e\000s\000\040\000e\000s\000.\000d\000e\000u\000s\000t\000o\000.\000s\000p\000q\000.\000T\000E\000S\000c\000c}{chapter.5}% 13
\BOOKMARK [1][-]{section.5.5}{\376\377\0005\000.\0005\000\040\000P\000a\000q\000u\000e\000t\000e\000s\000\040\000e\000s\000.\000d\000e\000u\000s\000t\000o\000.\000s\000p\000q\000.\000T\000E\000S\000c\000c\000.\000c\000l\000i\000e\000n\000t\000e}{chapter.5}% 14
\BOOKMARK [1][-]{section.5.6}{\376\377\0005\000.\0006\000\040\000P\000a\000q\000u\000e\000t\000e\000s\000\040\000e\000s\000.\000d\000e\000u\000s\000t\000o\000.\000s\000p\000q\000.\000T\000E\000S\000c\000c\000.\000d\000t\000o}{chapter.5}% 15
\BOOKMARK [1][-]{section.5.7}{\376\377\0005\000.\0007\000\040\000P\000a\000q\000u\000e\000t\000e\000s\000\040\000e\000s\000.\000d\000e\000u\000s\000t\000o\000.\000s\000p\000q\000.\000T\000E\000S\000c\000c\000.\000s\000e\000r\000v\000i\000d\000o\000r}{chapter.5}% 16
\BOOKMARK [1][-]{section.5.8}{\376\377\0005\000.\0008\000\040\000P\000a\000q\000u\000e\000t\000e\000s\000\040\000e\000s\000.\000d\000e\000u\000s\000t\000o\000.\000s\000p\000q\000.\000T\000E\000S\000c\000c\000.\000s\000e\000r\000v\000i\000d\000o\000r\000.\000j\000d\000o}{chapter.5}% 17
\BOOKMARK [1][-]{section.5.9}{\376\377\0005\000.\0009\000\040\000P\000a\000q\000u\000e\000t\000e\000s\000\040\000e\000s\000.\000d\000e\000u\000s\000t\000o\000.\000s\000p\000q\000.\000T\000E\000S\000c\000c\000.\000u\000t\000i\000l\000i\000d\000a\000d\000e\000s}{chapter.5}% 18
\BOOKMARK [1][-]{section.5.10}{\376\377\0005\000.\0001\0000\000\040\000P\000a\000q\000u\000e\000t\000e\000s\000\040\000e\000s\000.\000d\000e\000u\000s\000t\000o\000.\000s\000p\000q\000.\000T\000E\000S\000c\000c\000.\000v\000e\000n\000t\000a\000n\000a\000s}{chapter.5}% 19
\BOOKMARK [0][-]{chapter.6}{\376\377\0006\000\040\000D\000o\000c\000u\000m\000e\000n\000t\000a\000c\000i\000\363\000n\000\040\000d\000e\000\040\000l\000a\000s\000\040\000c\000l\000a\000s\000e\000s}{}% 20
\BOOKMARK [1][-]{section.6.1}{\376\377\0006\000.\0001\000\040\000R\000e\000f\000e\000r\000e\000n\000c\000i\000a\000\040\000d\000e\000\040\000l\000a\000\040\000C\000l\000a\000s\000e\000\040\000e\000s\000.\000d\000e\000u\000s\000t\000o\000.\000s\000p\000q\000.\000T\000E\000S\000c\000c\000.\000c\000l\000i\000e\000n\000t\000e\000.\000C\000o\000n\000t\000r\000o\000l\000l\000e\000r\000T\000E\000S}{chapter.6}% 21
\BOOKMARK [2][-]{subsection.6.1.1}{\376\377\0006\000.\0001\000.\0001\000\040\000D\000e\000s\000c\000r\000i\000p\000c\000i\000\363\000n\000\040\000d\000e\000t\000a\000l\000l\000a\000d\000a}{section.6.1}% 22
\BOOKMARK [2][-]{subsection.6.1.2}{\376\377\0006\000.\0001\000.\0002\000\040\000D\000o\000c\000u\000m\000e\000n\000t\000a\000c\000i\000\363\000n\000\040\000d\000e\000l\000\040\000c\000o\000n\000s\000t\000r\000u\000c\000t\000o\000r\000\040\000y\000\040\000d\000e\000s\000t\000r\000u\000c\000t\000o\000r}{section.6.1}% 23
\BOOKMARK [3][-]{subsubsection.6.1.2.1}{\376\377\0006\000.\0001\000.\0002\000.\0001\000\040\000C\000o\000n\000t\000r\000o\000l\000l\000e\000r\000T\000E\000S}{subsection.6.1.2}% 24
\BOOKMARK [2][-]{subsection.6.1.3}{\376\377\0006\000.\0001\000.\0003\000\040\000D\000o\000c\000u\000m\000e\000n\000t\000a\000c\000i\000\363\000n\000\040\000d\000e\000\040\000l\000a\000s\000\040\000f\000u\000n\000c\000i\000o\000n\000e\000s\000\040\000m\000i\000e\000m\000b\000r\000o}{section.6.1}% 25
\BOOKMARK [3][-]{subsubsection.6.1.3.1}{\376\377\0006\000.\0001\000.\0003\000.\0001\000\040\000d\000a\000r\000s\000e\000B\000a\000j\000a}{subsection.6.1.3}% 26
\BOOKMARK [3][-]{subsubsection.6.1.3.2}{\376\377\0006\000.\0001\000.\0003\000.\0002\000\040\000d\000e\000l\000e\000t\000e\000P\000e\000r\000s\000o\000n\000a\000j\000e}{subsection.6.1.3}% 27
\BOOKMARK [3][-]{subsubsection.6.1.3.3}{\376\377\0006\000.\0001\000.\0003\000.\0003\000\040\000e\000x\000i\000s\000t\000e\000U\000s\000u\000a\000r\000i\000o}{subsection.6.1.3}% 28
\BOOKMARK [3][-]{subsubsection.6.1.3.4}{\376\377\0006\000.\0001\000.\0003\000.\0004\000\040\000g\000e\000t\000I\000n\000s\000t\000a\000n\000c\000e}{subsection.6.1.3}% 29
\BOOKMARK [3][-]{subsubsection.6.1.3.5}{\376\377\0006\000.\0001\000.\0003\000.\0005\000\040\000g\000e\000t\000O\000b\000j\000e\000t\000o\000s}{subsection.6.1.3}% 30
\BOOKMARK [3][-]{subsubsection.6.1.3.6}{\376\377\0006\000.\0001\000.\0003\000.\0006\000\040\000g\000e\000t\000O\000b\000j\000e\000t\000o\000s\000P\000o\000r\000P\000e\000r\000s\000o\000n\000a\000j\000e}{subsection.6.1.3}% 31
\BOOKMARK [3][-]{subsubsection.6.1.3.7}{\376\377\0006\000.\0001\000.\0003\000.\0007\000\040\000g\000e\000t\000P\000e\000r\000s\000o\000n\000a\000j\000e}{subsection.6.1.3}% 32
\BOOKMARK [3][-]{subsubsection.6.1.3.8}{\376\377\0006\000.\0001\000.\0003\000.\0008\000\040\000g\000e\000t\000P\000e\000r\000s\000o\000n\000a\000j\000e\000s\000P\000o\000r\000U\000s\000u\000a\000r\000i\000o}{subsection.6.1.3}% 33
\BOOKMARK [3][-]{subsubsection.6.1.3.9}{\376\377\0006\000.\0001\000.\0003\000.\0009\000\040\000g\000u\000a\000r\000d\000a\000r\000P\000e\000r\000s\000o\000n\000a\000j\000e}{subsection.6.1.3}% 34
\BOOKMARK [3][-]{subsubsection.6.1.3.10}{\376\377\0006\000.\0001\000.\0003\000.\0001\0000\000\040\000l\000o\000g\000i\000n}{subsection.6.1.3}% 35
\BOOKMARK [3][-]{subsubsection.6.1.3.11}{\376\377\0006\000.\0001\000.\0003\000.\0001\0001\000\040\000r\000e\000g\000i\000s\000t\000r\000o}{subsection.6.1.3}% 36
\BOOKMARK [1][-]{section.6.2}{\376\377\0006\000.\0002\000\040\000R\000e\000f\000e\000r\000e\000n\000c\000i\000a\000\040\000d\000e\000\040\000l\000a\000\040\000C\000l\000a\000s\000e\000\040\000e\000s\000.\000d\000e\000u\000s\000t\000o\000.\000s\000p\000q\000.\000T\000E\000S\000c\000c\000.\000s\000e\000r\000v\000i\000d\000o\000r\000.\000D\000A\000O\000D\000a\000t\000a\000b\000a\000s\000e}{chapter.6}% 37
\BOOKMARK [2][-]{subsection.6.2.1}{\376\377\0006\000.\0002\000.\0001\000\040\000D\000e\000s\000c\000r\000i\000p\000c\000i\000\363\000n\000\040\000d\000e\000t\000a\000l\000l\000a\000d\000a}{section.6.2}% 38
\BOOKMARK [2][-]{subsection.6.2.2}{\376\377\0006\000.\0002\000.\0002\000\040\000D\000o\000c\000u\000m\000e\000n\000t\000a\000c\000i\000\363\000n\000\040\000d\000e\000\040\000l\000a\000s\000\040\000f\000u\000n\000c\000i\000o\000n\000e\000s\000\040\000m\000i\000e\000m\000b\000r\000o}{section.6.2}% 39
\BOOKMARK [3][-]{subsubsection.6.2.2.1}{\376\377\0006\000.\0002\000.\0002\000.\0001\000\040\000c\000r\000e\000a\000r\000O\000b\000j\000e\000t\000o}{subsection.6.2.2}% 40
\BOOKMARK [3][-]{subsubsection.6.2.2.2}{\376\377\0006\000.\0002\000.\0002\000.\0002\000\040\000d\000a\000r\000s\000e\000B\000a\000j\000a}{subsection.6.2.2}% 41
\BOOKMARK [3][-]{subsubsection.6.2.2.3}{\376\377\0006\000.\0002\000.\0002\000.\0003\000\040\000d\000e\000l\000e\000t\000e\000O\000b\000j\000e\000t\000o}{subsection.6.2.2}% 42
\BOOKMARK [3][-]{subsubsection.6.2.2.4}{\376\377\0006\000.\0002\000.\0002\000.\0004\000\040\000d\000e\000l\000e\000t\000e\000P\000e\000r\000s\000o\000n\000a\000j\000e}{subsection.6.2.2}% 43
\BOOKMARK [3][-]{subsubsection.6.2.2.5}{\376\377\0006\000.\0002\000.\0002\000.\0005\000\040\000d\000e\000l\000e\000t\000e\000U\000s\000u\000a\000r\000i\000o}{subsection.6.2.2}% 44
\BOOKMARK [3][-]{subsubsection.6.2.2.6}{\376\377\0006\000.\0002\000.\0002\000.\0006\000\040\000e\000x\000i\000s\000t\000e\000O\000b\000j\000e\000t\000o}{subsection.6.2.2}% 45
\BOOKMARK [3][-]{subsubsection.6.2.2.7}{\376\377\0006\000.\0002\000.\0002\000.\0007\000\040\000e\000x\000i\000s\000t\000e\000P\000e\000r\000s\000o\000n\000a\000j\000e}{subsection.6.2.2}% 46
\BOOKMARK [3][-]{subsubsection.6.2.2.8}{\376\377\0006\000.\0002\000.\0002\000.\0008\000\040\000e\000x\000i\000s\000t\000e\000U\000s\000u\000a\000r\000i\000o}{subsection.6.2.2}% 47
\BOOKMARK [3][-]{subsubsection.6.2.2.9}{\376\377\0006\000.\0002\000.\0002\000.\0009\000\040\000g\000e\000t\000I\000d\000P\000e\000r\000s\000o\000n\000a\000j\000e}{subsection.6.2.2}% 48
\BOOKMARK [3][-]{subsubsection.6.2.2.10}{\376\377\0006\000.\0002\000.\0002\000.\0001\0000\000\040\000g\000e\000t\000I\000n\000s\000t\000a\000n\000c\000e}{subsection.6.2.2}% 49
\BOOKMARK [3][-]{subsubsection.6.2.2.11}{\376\377\0006\000.\0002\000.\0002\000.\0001\0001\000\040\000g\000e\000t\000O\000b\000j\000e\000t\000o}{subsection.6.2.2}% 50
\BOOKMARK [3][-]{subsubsection.6.2.2.12}{\376\377\0006\000.\0002\000.\0002\000.\0001\0002\000\040\000g\000e\000t\000O\000b\000j\000e\000t\000o\000s}{subsection.6.2.2}% 51
\BOOKMARK [3][-]{subsubsection.6.2.2.13}{\376\377\0006\000.\0002\000.\0002\000.\0001\0003\000\040\000g\000e\000t\000O\000b\000j\000e\000t\000o\000s\000P\000o\000r\000P\000e\000r\000s\000o\000n\000a\000j\000e}{subsection.6.2.2}% 52
\BOOKMARK [3][-]{subsubsection.6.2.2.14}{\376\377\0006\000.\0002\000.\0002\000.\0001\0004\000\040\000g\000e\000t\000P\000e\000r\000s\000o\000n\000a\000j\000e}{subsection.6.2.2}% 53
\BOOKMARK [3][-]{subsubsection.6.2.2.15}{\376\377\0006\000.\0002\000.\0002\000.\0001\0005\000\040\000g\000e\000t\000P\000e\000r\000s\000o\000n\000a\000j\000e\000s\000P\000o\000r\000U\000s\000u\000a\000r\000i\000o}{subsection.6.2.2}% 54
\BOOKMARK [3][-]{subsubsection.6.2.2.16}{\376\377\0006\000.\0002\000.\0002\000.\0001\0006\000\040\000g\000u\000a\000r\000d\000a\000r\000P\000e\000r\000s\000o\000n\000a\000j\000e}{subsection.6.2.2}% 55
\BOOKMARK [3][-]{subsubsection.6.2.2.17}{\376\377\0006\000.\0002\000.\0002\000.\0001\0007\000\040\000l\000o\000g\000i\000n}{subsection.6.2.2}% 56
\BOOKMARK [3][-]{subsubsection.6.2.2.18}{\376\377\0006\000.\0002\000.\0002\000.\0001\0008\000\040\000n\000u\000m\000e\000r\000o\000U\000s\000u\000a\000r\000i\000o\000s}{subsection.6.2.2}% 57
\BOOKMARK [3][-]{subsubsection.6.2.2.19}{\376\377\0006\000.\0002\000.\0002\000.\0001\0009\000\040\000r\000e\000g\000i\000s\000t\000r\000o}{subsection.6.2.2}% 58
\BOOKMARK [3][-]{subsubsection.6.2.2.20}{\376\377\0006\000.\0002\000.\0002\000.\0002\0000\000\040\000u\000p\000d\000a\000t\000e\000O\000b\000j\000e\000t\000o}{subsection.6.2.2}% 59
\BOOKMARK [3][-]{subsubsection.6.2.2.21}{\376\377\0006\000.\0002\000.\0002\000.\0002\0001\000\040\000u\000p\000d\000a\000t\000e\000P\000e\000r\000s\000o\000n\000a\000j\000e}{subsection.6.2.2}% 60
\BOOKMARK [3][-]{subsubsection.6.2.2.22}{\376\377\0006\000.\0002\000.\0002\000.\0002\0002\000\040\000u\000p\000d\000a\000t\000e\000U\000s\000u\000a\000r\000i\000o}{subsection.6.2.2}% 61
\BOOKMARK [1][-]{section.6.3}{\376\377\0006\000.\0003\000\040\000R\000e\000f\000e\000r\000e\000n\000c\000i\000a\000\040\000d\000e\000\040\000l\000a\000\040\000C\000l\000a\000s\000e\000\040\000e\000s\000.\000d\000e\000u\000s\000t\000o\000.\000s\000p\000q\000.\000T\000E\000S\000c\000c\000.\000s\000e\000r\000v\000i\000d\000o\000r\000.\000F\000a\000c\000a\000d\000e}{chapter.6}% 62
\BOOKMARK [2][-]{subsection.6.3.1}{\376\377\0006\000.\0003\000.\0001\000\040\000D\000e\000s\000c\000r\000i\000p\000c\000i\000\363\000n\000\040\000d\000e\000t\000a\000l\000l\000a\000d\000a}{section.6.3}% 63
\BOOKMARK [2][-]{subsection.6.3.2}{\376\377\0006\000.\0003\000.\0002\000\040\000D\000o\000c\000u\000m\000e\000n\000t\000a\000c\000i\000\363\000n\000\040\000d\000e\000l\000\040\000c\000o\000n\000s\000t\000r\000u\000c\000t\000o\000r\000\040\000y\000\040\000d\000e\000s\000t\000r\000u\000c\000t\000o\000r}{section.6.3}% 64
\BOOKMARK [3][-]{subsubsection.6.3.2.1}{\376\377\0006\000.\0003\000.\0002\000.\0001\000\040\000F\000a\000c\000a\000d\000e}{subsection.6.3.2}% 65
\BOOKMARK [2][-]{subsection.6.3.3}{\376\377\0006\000.\0003\000.\0003\000\040\000D\000o\000c\000u\000m\000e\000n\000t\000a\000c\000i\000\363\000n\000\040\000d\000e\000\040\000l\000a\000s\000\040\000f\000u\000n\000c\000i\000o\000n\000e\000s\000\040\000m\000i\000e\000m\000b\000r\000o}{section.6.3}% 66
\BOOKMARK [3][-]{subsubsection.6.3.3.1}{\376\377\0006\000.\0003\000.\0003\000.\0001\000\040\000d\000a\000r\000s\000e\000B\000a\000j\000a}{subsection.6.3.3}% 67
\BOOKMARK [3][-]{subsubsection.6.3.3.2}{\376\377\0006\000.\0003\000.\0003\000.\0002\000\040\000d\000e\000l\000e\000t\000e\000P\000e\000r\000s\000o\000n\000a\000j\000e}{subsection.6.3.3}% 68
\BOOKMARK [3][-]{subsubsection.6.3.3.3}{\376\377\0006\000.\0003\000.\0003\000.\0003\000\040\000e\000x\000i\000s\000t\000e\000U\000s\000u\000a\000r\000i\000o}{subsection.6.3.3}% 69
\BOOKMARK [3][-]{subsubsection.6.3.3.4}{\376\377\0006\000.\0003\000.\0003\000.\0004\000\040\000g\000e\000t\000O\000b\000j\000e\000t\000o\000s}{subsection.6.3.3}% 70
\BOOKMARK [3][-]{subsubsection.6.3.3.5}{\376\377\0006\000.\0003\000.\0003\000.\0005\000\040\000g\000e\000t\000O\000b\000j\000e\000t\000o\000s\000P\000o\000r\000P\000e\000r\000s\000o\000n\000a\000j\000e}{subsection.6.3.3}% 71
\BOOKMARK [3][-]{subsubsection.6.3.3.6}{\376\377\0006\000.\0003\000.\0003\000.\0006\000\040\000g\000e\000t\000P\000e\000r\000s\000o\000n\000a\000j\000e}{subsection.6.3.3}% 72
\BOOKMARK [3][-]{subsubsection.6.3.3.7}{\376\377\0006\000.\0003\000.\0003\000.\0007\000\040\000g\000e\000t\000P\000e\000r\000s\000o\000n\000a\000j\000e\000s\000P\000o\000r\000U\000s\000u\000a\000r\000i\000o}{subsection.6.3.3}% 73
\BOOKMARK [3][-]{subsubsection.6.3.3.8}{\376\377\0006\000.\0003\000.\0003\000.\0008\000\040\000g\000u\000a\000r\000d\000a\000r\000P\000e\000r\000s\000o\000n\000a\000j\000e}{subsection.6.3.3}% 74
\BOOKMARK [3][-]{subsubsection.6.3.3.9}{\376\377\0006\000.\0003\000.\0003\000.\0009\000\040\000l\000o\000g\000i\000n}{subsection.6.3.3}% 75
\BOOKMARK [3][-]{subsubsection.6.3.3.10}{\376\377\0006\000.\0003\000.\0003\000.\0001\0000\000\040\000r\000e\000g\000i\000s\000t\000r\000o}{subsection.6.3.3}% 76
\BOOKMARK [1][-]{section.6.4}{\376\377\0006\000.\0004\000\040\000R\000e\000f\000e\000r\000e\000n\000c\000i\000a\000\040\000d\000e\000\040\000l\000a\000\040\000C\000l\000a\000s\000e\000\040\000e\000s\000.\000d\000e\000u\000s\000t\000o\000.\000s\000p\000q\000.\000T\000E\000S\000c\000c\000.\000v\000e\000n\000t\000a\000n\000a\000s\000.\000F\000r\000a\000m\000e}{chapter.6}% 77
\BOOKMARK [2][-]{subsection.6.4.1}{\376\377\0006\000.\0004\000.\0001\000\040\000D\000e\000s\000c\000r\000i\000p\000c\000i\000\363\000n\000\040\000d\000e\000t\000a\000l\000l\000a\000d\000a}{section.6.4}% 78
\BOOKMARK [2][-]{subsection.6.4.2}{\376\377\0006\000.\0004\000.\0002\000\040\000D\000o\000c\000u\000m\000e\000n\000t\000a\000c\000i\000\363\000n\000\040\000d\000e\000l\000\040\000c\000o\000n\000s\000t\000r\000u\000c\000t\000o\000r\000\040\000y\000\040\000d\000e\000s\000t\000r\000u\000c\000t\000o\000r}{section.6.4}% 79
\BOOKMARK [3][-]{subsubsection.6.4.2.1}{\376\377\0006\000.\0004\000.\0002\000.\0001\000\040\000F\000r\000a\000m\000e}{subsection.6.4.2}% 80
\BOOKMARK [2][-]{subsection.6.4.3}{\376\377\0006\000.\0004\000.\0003\000\040\000D\000o\000c\000u\000m\000e\000n\000t\000a\000c\000i\000\363\000n\000\040\000d\000e\000\040\000l\000a\000s\000\040\000f\000u\000n\000c\000i\000o\000n\000e\000s\000\040\000m\000i\000e\000m\000b\000r\000o}{section.6.4}% 81
\BOOKMARK [3][-]{subsubsection.6.4.3.1}{\376\377\0006\000.\0004\000.\0003\000.\0001\000\040\000c\000e\000r\000r\000a\000r}{subsection.6.4.3}% 82
\BOOKMARK [3][-]{subsubsection.6.4.3.2}{\376\377\0006\000.\0004\000.\0003\000.\0002\000\040\000m\000a\000i\000n}{subsection.6.4.3}% 83
\BOOKMARK [2][-]{subsection.6.4.4}{\376\377\0006\000.\0004\000.\0004\000\040\000D\000o\000c\000u\000m\000e\000n\000t\000a\000c\000i\000\363\000n\000\040\000d\000e\000\040\000l\000o\000s\000\040\000d\000a\000t\000o\000s\000\040\000m\000i\000e\000m\000b\000r\000o}{section.6.4}% 84
\BOOKMARK [3][-]{subsubsection.6.4.4.1}{\376\377\0006\000.\0004\000.\0004\000.\0001\000\040\000e\000l\000e\000g\000i\000r\000P\000a\000n\000t\000a\000l\000l\000a}{subsection.6.4.4}% 85
\BOOKMARK [3][-]{subsubsection.6.4.4.2}{\376\377\0006\000.\0004\000.\0004\000.\0002\000\040\000n\000o\000m\000b\000r\000e\000L\000o\000g\000i\000n}{subsection.6.4.4}% 86
\BOOKMARK [1][-]{section.6.5}{\376\377\0006\000.\0005\000\040\000R\000e\000f\000e\000r\000e\000n\000c\000i\000a\000\040\000d\000e\000\040\000l\000a\000\040\000C\000l\000a\000s\000e\000\040\000e\000s\000.\000d\000e\000u\000s\000t\000o\000.\000s\000p\000q\000.\000T\000E\000S\000c\000c\000.\000u\000t\000i\000l\000i\000d\000a\000d\000e\000s\000.\000G\000u\000i\000U\000t\000i\000l\000i\000t\000y}{chapter.6}% 87
\BOOKMARK [2][-]{subsection.6.5.1}{\376\377\0006\000.\0005\000.\0001\000\040\000D\000e\000s\000c\000r\000i\000p\000c\000i\000\363\000n\000\040\000d\000e\000t\000a\000l\000l\000a\000d\000a}{section.6.5}% 88
\BOOKMARK [2][-]{subsection.6.5.2}{\376\377\0006\000.\0005\000.\0002\000\040\000D\000o\000c\000u\000m\000e\000n\000t\000a\000c\000i\000\363\000n\000\040\000d\000e\000\040\000l\000a\000s\000\040\000f\000u\000n\000c\000i\000o\000n\000e\000s\000\040\000m\000i\000e\000m\000b\000r\000o}{section.6.5}% 89
\BOOKMARK [3][-]{subsubsection.6.5.2.1}{\376\377\0006\000.\0005\000.\0002\000.\0001\000\040\000c\000e\000n\000t\000e\000r\000O\000n\000S\000c\000r\000e\000e\000n}{subsection.6.5.2}% 90
\BOOKMARK [1][-]{section.6.6}{\376\377\0006\000.\0006\000\040\000R\000e\000f\000e\000r\000e\000n\000c\000i\000a\000\040\000d\000e\000\040\000l\000a\000\040\000I\000n\000t\000e\000r\000f\000a\000z\000\040\000e\000s\000.\000d\000e\000u\000s\000t\000o\000.\000s\000p\000q\000.\000T\000E\000S\000c\000c\000.\000s\000e\000r\000v\000i\000d\000o\000r\000.\000I\000F\000a\000c\000a\000d\000e}{chapter.6}% 91
\BOOKMARK [2][-]{subsection.6.6.1}{\376\377\0006\000.\0006\000.\0001\000\040\000D\000e\000s\000c\000r\000i\000p\000c\000i\000\363\000n\000\040\000d\000e\000t\000a\000l\000l\000a\000d\000a}{section.6.6}% 92
\BOOKMARK [2][-]{subsection.6.6.2}{\376\377\0006\000.\0006\000.\0002\000\040\000D\000o\000c\000u\000m\000e\000n\000t\000a\000c\000i\000\363\000n\000\040\000d\000e\000\040\000l\000a\000s\000\040\000f\000u\000n\000c\000i\000o\000n\000e\000s\000\040\000m\000i\000e\000m\000b\000r\000o}{section.6.6}% 93
\BOOKMARK [3][-]{subsubsection.6.6.2.1}{\376\377\0006\000.\0006\000.\0002\000.\0001\000\040\000d\000a\000r\000s\000e\000B\000a\000j\000a}{subsection.6.6.2}% 94
\BOOKMARK [3][-]{subsubsection.6.6.2.2}{\376\377\0006\000.\0006\000.\0002\000.\0002\000\040\000d\000e\000l\000e\000t\000e\000P\000e\000r\000s\000o\000n\000a\000j\000e}{subsection.6.6.2}% 95
\BOOKMARK [3][-]{subsubsection.6.6.2.3}{\376\377\0006\000.\0006\000.\0002\000.\0003\000\040\000e\000x\000i\000s\000t\000e\000U\000s\000u\000a\000r\000i\000o}{subsection.6.6.2}% 96
\BOOKMARK [3][-]{subsubsection.6.6.2.4}{\376\377\0006\000.\0006\000.\0002\000.\0004\000\040\000g\000e\000t\000O\000b\000j\000e\000t\000o\000s}{subsection.6.6.2}% 97
\BOOKMARK [3][-]{subsubsection.6.6.2.5}{\376\377\0006\000.\0006\000.\0002\000.\0005\000\040\000g\000e\000t\000O\000b\000j\000e\000t\000o\000s\000P\000o\000r\000P\000e\000r\000s\000o\000n\000a\000j\000e}{subsection.6.6.2}% 98
\BOOKMARK [3][-]{subsubsection.6.6.2.6}{\376\377\0006\000.\0006\000.\0002\000.\0006\000\040\000g\000e\000t\000P\000e\000r\000s\000o\000n\000a\000j\000e}{subsection.6.6.2}% 99
\BOOKMARK [3][-]{subsubsection.6.6.2.7}{\376\377\0006\000.\0006\000.\0002\000.\0007\000\040\000g\000e\000t\000P\000e\000r\000s\000o\000n\000a\000j\000e\000s\000P\000o\000r\000U\000s\000u\000a\000r\000i\000o}{subsection.6.6.2}% 100
\BOOKMARK [3][-]{subsubsection.6.6.2.8}{\376\377\0006\000.\0006\000.\0002\000.\0008\000\040\000g\000u\000a\000r\000d\000a\000r\000P\000e\000r\000s\000o\000n\000a\000j\000e}{subsection.6.6.2}% 101
\BOOKMARK [3][-]{subsubsection.6.6.2.9}{\376\377\0006\000.\0006\000.\0002\000.\0009\000\040\000l\000o\000g\000i\000n}{subsection.6.6.2}% 102
\BOOKMARK [3][-]{subsubsection.6.6.2.10}{\376\377\0006\000.\0006\000.\0002\000.\0001\0000\000\040\000r\000e\000g\000i\000s\000t\000r\000o}{subsection.6.6.2}% 103
\BOOKMARK [1][-]{section.6.7}{\376\377\0006\000.\0007\000\040\000R\000e\000f\000e\000r\000e\000n\000c\000i\000a\000\040\000d\000e\000\040\000l\000a\000\040\000C\000l\000a\000s\000e\000\040\000e\000s\000.\000d\000e\000u\000s\000t\000o\000.\000s\000p\000q\000.\000T\000E\000S\000c\000c\000.\000u\000t\000i\000l\000i\000d\000a\000d\000e\000s\000.\000J\000S\000p\000l\000a\000s\000h}{chapter.6}% 104
\BOOKMARK [2][-]{subsection.6.7.1}{\376\377\0006\000.\0007\000.\0001\000\040\000D\000e\000s\000c\000r\000i\000p\000c\000i\000\363\000n\000\040\000d\000e\000t\000a\000l\000l\000a\000d\000a}{section.6.7}% 105
\BOOKMARK [2][-]{subsection.6.7.2}{\376\377\0006\000.\0007\000.\0002\000\040\000D\000o\000c\000u\000m\000e\000n\000t\000a\000c\000i\000\363\000n\000\040\000d\000e\000l\000\040\000c\000o\000n\000s\000t\000r\000u\000c\000t\000o\000r\000\040\000y\000\040\000d\000e\000s\000t\000r\000u\000c\000t\000o\000r}{section.6.7}% 106
\BOOKMARK [3][-]{subsubsection.6.7.2.1}{\376\377\0006\000.\0007\000.\0002\000.\0001\000\040\000J\000S\000p\000l\000a\000s\000h}{subsection.6.7.2}% 107
\BOOKMARK [3][-]{subsubsection.6.7.2.2}{\376\377\0006\000.\0007\000.\0002\000.\0002\000\040\000J\000S\000p\000l\000a\000s\000h}{subsection.6.7.2}% 108
\BOOKMARK [3][-]{subsubsection.6.7.2.3}{\376\377\0006\000.\0007\000.\0002\000.\0003\000\040\000J\000S\000p\000l\000a\000s\000h}{subsection.6.7.2}% 109
\BOOKMARK [2][-]{subsection.6.7.3}{\376\377\0006\000.\0007\000.\0003\000\040\000D\000o\000c\000u\000m\000e\000n\000t\000a\000c\000i\000\363\000n\000\040\000d\000e\000\040\000l\000a\000s\000\040\000f\000u\000n\000c\000i\000o\000n\000e\000s\000\040\000m\000i\000e\000m\000b\000r\000o}{section.6.7}% 110
\BOOKMARK [3][-]{subsubsection.6.7.3.1}{\376\377\0006\000.\0007\000.\0003\000.\0001\000\040\000g\000e\000t\000P\000r\000o\000g\000r\000e\000s\000s\000B\000a\000r}{subsection.6.7.3}% 111
\BOOKMARK [3][-]{subsubsection.6.7.3.2}{\376\377\0006\000.\0007\000.\0003\000.\0002\000\040\000s\000e\000t\000P\000r\000o\000g\000r\000e\000s\000s}{subsection.6.7.3}% 112
\BOOKMARK [3][-]{subsubsection.6.7.3.3}{\376\377\0006\000.\0007\000.\0003\000.\0003\000\040\000s\000e\000t\000P\000r\000o\000g\000r\000e\000s\000s}{subsection.6.7.3}% 113
\BOOKMARK [3][-]{subsubsection.6.7.3.4}{\376\377\0006\000.\0007\000.\0003\000.\0004\000\040\000s\000p\000l\000a\000s\000h\000O\000f\000f}{subsection.6.7.3}% 114
\BOOKMARK [3][-]{subsubsection.6.7.3.5}{\376\377\0006\000.\0007\000.\0003\000.\0005\000\040\000s\000p\000l\000a\000s\000h\000O\000n}{subsection.6.7.3}% 115
\BOOKMARK [1][-]{section.6.8}{\376\377\0006\000.\0008\000\040\000R\000e\000f\000e\000r\000e\000n\000c\000i\000a\000\040\000d\000e\000\040\000l\000a\000\040\000C\000l\000a\000s\000e\000\040\000e\000s\000.\000d\000e\000u\000s\000t\000o\000.\000s\000p\000q\000.\000T\000E\000S\000c\000c\000.\000u\000t\000i\000l\000i\000d\000a\000d\000e\000s\000.\000J\000S\000p\000l\000a\000s\000h\000L\000a\000b\000e\000l}{chapter.6}% 116
\BOOKMARK [2][-]{subsection.6.8.1}{\376\377\0006\000.\0008\000.\0001\000\040\000D\000e\000s\000c\000r\000i\000p\000c\000i\000\363\000n\000\040\000d\000e\000t\000a\000l\000l\000a\000d\000a}{section.6.8}% 117
\BOOKMARK [2][-]{subsection.6.8.2}{\376\377\0006\000.\0008\000.\0002\000\040\000D\000o\000c\000u\000m\000e\000n\000t\000a\000c\000i\000\363\000n\000\040\000d\000e\000l\000\040\000c\000o\000n\000s\000t\000r\000u\000c\000t\000o\000r\000\040\000y\000\040\000d\000e\000s\000t\000r\000u\000c\000t\000o\000r}{section.6.8}% 118
\BOOKMARK [3][-]{subsubsection.6.8.2.1}{\376\377\0006\000.\0008\000.\0002\000.\0001\000\040\000J\000S\000p\000l\000a\000s\000h\000L\000a\000b\000e\000l}{subsection.6.8.2}% 119
\BOOKMARK [3][-]{subsubsection.6.8.2.2}{\376\377\0006\000.\0008\000.\0002\000.\0002\000\040\000J\000S\000p\000l\000a\000s\000h\000L\000a\000b\000e\000l}{subsection.6.8.2}% 120
\BOOKMARK [2][-]{subsection.6.8.3}{\376\377\0006\000.\0008\000.\0003\000\040\000D\000o\000c\000u\000m\000e\000n\000t\000a\000c\000i\000\363\000n\000\040\000d\000e\000\040\000l\000a\000s\000\040\000f\000u\000n\000c\000i\000o\000n\000e\000s\000\040\000m\000i\000e\000m\000b\000r\000o}{section.6.8}% 121
\BOOKMARK [3][-]{subsubsection.6.8.3.1}{\376\377\0006\000.\0008\000.\0003\000.\0001\000\040\000p\000a\000i\000n\000t}{subsection.6.8.3}% 122
\BOOKMARK [1][-]{section.6.9}{\376\377\0006\000.\0009\000\040\000R\000e\000f\000e\000r\000e\000n\000c\000i\000a\000\040\000d\000e\000\040\000l\000a\000\040\000C\000l\000a\000s\000e\000\040\000e\000s\000.\000d\000e\000u\000s\000t\000o\000.\000s\000p\000q\000.\000T\000E\000S\000c\000c\000.\000v\000e\000n\000t\000a\000n\000a\000s\000.\000M\000e\000n\000u\000P\000e\000r\000s\000o\000n\000a\000j\000e}{chapter.6}% 123
\BOOKMARK [2][-]{subsection.6.9.1}{\376\377\0006\000.\0009\000.\0001\000\040\000D\000e\000s\000c\000r\000i\000p\000c\000i\000\363\000n\000\040\000d\000e\000t\000a\000l\000l\000a\000d\000a}{section.6.9}% 124
\BOOKMARK [2][-]{subsection.6.9.2}{\376\377\0006\000.\0009\000.\0002\000\040\000D\000o\000c\000u\000m\000e\000n\000t\000a\000c\000i\000\363\000n\000\040\000d\000e\000l\000\040\000c\000o\000n\000s\000t\000r\000u\000c\000t\000o\000r\000\040\000y\000\040\000d\000e\000s\000t\000r\000u\000c\000t\000o\000r}{section.6.9}% 125
\BOOKMARK [3][-]{subsubsection.6.9.2.1}{\376\377\0006\000.\0009\000.\0002\000.\0001\000\040\000M\000e\000n\000u\000P\000e\000r\000s\000o\000n\000a\000j\000e}{subsection.6.9.2}% 126
\BOOKMARK [2][-]{subsection.6.9.3}{\376\377\0006\000.\0009\000.\0003\000\040\000D\000o\000c\000u\000m\000e\000n\000t\000a\000c\000i\000\363\000n\000\040\000d\000e\000\040\000l\000a\000s\000\040\000f\000u\000n\000c\000i\000o\000n\000e\000s\000\040\000m\000i\000e\000m\000b\000r\000o}{section.6.9}% 127
\BOOKMARK [3][-]{subsubsection.6.9.3.1}{\376\377\0006\000.\0009\000.\0003\000.\0001\000\040\000a\000c\000t\000i\000o\000n\000P\000e\000r\000f\000o\000r\000m\000e\000d}{subsection.6.9.3}% 128
\BOOKMARK [3][-]{subsubsection.6.9.3.2}{\376\377\0006\000.\0009\000.\0003\000.\0002\000\040\000a\000c\000t\000u\000a\000l\000i\000z\000a\000r\000P\000r\000o\000g\000r\000e\000s\000s\000B\000a\000r}{subsection.6.9.3}% 129
\BOOKMARK [3][-]{subsubsection.6.9.3.3}{\376\377\0006\000.\0009\000.\0003\000.\0003\000\040\000c\000a\000l\000c\000u\000l\000a\000r\000P\000r\000o\000g\000r\000e\000s\000s\000B\000a\000r}{subsection.6.9.3}% 130
\BOOKMARK [3][-]{subsubsection.6.9.3.4}{\376\377\0006\000.\0009\000.\0003\000.\0004\000\040\000c\000a\000l\000c\000u\000l\000a\000r\000T\000i\000p\000o}{subsection.6.9.3}% 131
\BOOKMARK [3][-]{subsubsection.6.9.3.5}{\376\377\0006\000.\0009\000.\0003\000.\0005\000\040\000c\000r\000e\000a\000r\000L\000i\000s\000t\000a}{subsection.6.9.3}% 132
\BOOKMARK [3][-]{subsubsection.6.9.3.6}{\376\377\0006\000.\0009\000.\0003\000.\0006\000\040\000e\000x\000i\000s\000t\000e\000P\000e\000r\000s\000o\000n\000a\000j\000e}{subsection.6.9.3}% 133
\BOOKMARK [3][-]{subsubsection.6.9.3.7}{\376\377\0006\000.\0009\000.\0003\000.\0007\000\040\000i\000n\000i\000c\000i\000a\000l\000i\000z\000a\000r\000O\000b\000e\000j\000t\000o\000s\000P\000e\000r}{subsection.6.9.3}% 134
\BOOKMARK [3][-]{subsubsection.6.9.3.8}{\376\377\0006\000.\0009\000.\0003\000.\0008\000\040\000i\000n\000i\000z\000i\000a\000l\000i\000z\000a\000r\000H\000a\000s\000h\000S\000e\000t\000s}{subsection.6.9.3}% 135
\BOOKMARK [3][-]{subsubsection.6.9.3.9}{\376\377\0006\000.\0009\000.\0003\000.\0009\000\040\000i\000n\000i\000z\000i\000a\000l\000i\000z\000a\000r\000S\000t\000r\000i\000n\000g\000s}{subsection.6.9.3}% 136
\BOOKMARK [3][-]{subsubsection.6.9.3.10}{\376\377\0006\000.\0009\000.\0003\000.\0001\0000\000\040\000m\000a\000i\000n}{subsection.6.9.3}% 137
\BOOKMARK [3][-]{subsubsection.6.9.3.11}{\376\377\0006\000.\0009\000.\0003\000.\0001\0001\000\040\000o\000b\000t\000e\000n\000e\000r\000F\000e\000c\000h\000a\000A\000c\000t\000u\000a\000l}{subsection.6.9.3}% 138
\BOOKMARK [3][-]{subsubsection.6.9.3.12}{\376\377\0006\000.\0009\000.\0003\000.\0001\0002\000\040\000r\000e\000i\000n\000i\000c\000i\000a\000r\000C\000o\000m\000b\000o\000B\000o\000x\000e\000s}{subsection.6.9.3}% 139
\BOOKMARK [3][-]{subsubsection.6.9.3.13}{\376\377\0006\000.\0009\000.\0003\000.\0001\0003\000\040\000r\000e\000i\000n\000i\000c\000i\000a\000r\000P\000r\000o\000g\000r\000e\000s\000s\000B\000a\000r}{subsection.6.9.3}% 140
\BOOKMARK [3][-]{subsubsection.6.9.3.14}{\376\377\0006\000.\0009\000.\0003\000.\0001\0004\000\040\000v\000o\000l\000c\000a\000r\000L\000i\000s\000t\000A\000A\000a\000r\000r\000a\000y}{subsection.6.9.3}% 141
\BOOKMARK [1][-]{section.6.10}{\376\377\0006\000.\0001\0000\000\040\000R\000e\000f\000e\000r\000e\000n\000c\000i\000a\000\040\000d\000e\000\040\000l\000a\000\040\000C\000l\000a\000s\000e\000\040\000e\000s\000.\000d\000e\000u\000s\000t\000o\000.\000s\000p\000q\000.\000T\000E\000S\000c\000c\000.\000s\000e\000r\000v\000i\000d\000o\000r\000.\000j\000d\000o\000.\000O\000b\000j\000e\000t\000o}{chapter.6}% 142
\BOOKMARK [2][-]{subsection.6.10.1}{\376\377\0006\000.\0001\0000\000.\0001\000\040\000D\000e\000s\000c\000r\000i\000p\000c\000i\000\363\000n\000\040\000d\000e\000t\000a\000l\000l\000a\000d\000a}{section.6.10}% 143
\BOOKMARK [2][-]{subsection.6.10.2}{\376\377\0006\000.\0001\0000\000.\0002\000\040\000D\000o\000c\000u\000m\000e\000n\000t\000a\000c\000i\000\363\000n\000\040\000d\000e\000l\000\040\000c\000o\000n\000s\000t\000r\000u\000c\000t\000o\000r\000\040\000y\000\040\000d\000e\000s\000t\000r\000u\000c\000t\000o\000r}{section.6.10}% 144
\BOOKMARK [3][-]{subsubsection.6.10.2.1}{\376\377\0006\000.\0001\0000\000.\0002\000.\0001\000\040\000O\000b\000j\000e\000t\000o}{subsection.6.10.2}% 145
\BOOKMARK [3][-]{subsubsection.6.10.2.2}{\376\377\0006\000.\0001\0000\000.\0002\000.\0002\000\040\000O\000b\000j\000e\000t\000o}{subsection.6.10.2}% 146
\BOOKMARK [2][-]{subsection.6.10.3}{\376\377\0006\000.\0001\0000\000.\0003\000\040\000D\000o\000c\000u\000m\000e\000n\000t\000a\000c\000i\000\363\000n\000\040\000d\000e\000\040\000l\000a\000s\000\040\000f\000u\000n\000c\000i\000o\000n\000e\000s\000\040\000m\000i\000e\000m\000b\000r\000o}{section.6.10}% 147
\BOOKMARK [3][-]{subsubsection.6.10.3.1}{\376\377\0006\000.\0001\0000\000.\0003\000.\0001\000\040\000a\000n\000i\000a\000d\000i\000r\000P\000e\000r\000s\000o\000n\000a\000j\000e}{subsection.6.10.3}% 148
\BOOKMARK [3][-]{subsubsection.6.10.3.2}{\376\377\0006\000.\0001\0000\000.\0003\000.\0002\000\040\000e\000l\000i\000m\000i\000n\000a\000r\000P\000e\000r\000s\000o\000n\000a\000j\000e}{subsection.6.10.3}% 149
\BOOKMARK [3][-]{subsubsection.6.10.3.3}{\376\377\0006\000.\0001\0000\000.\0003\000.\0003\000\040\000e\000q\000u\000a\000l\000s}{subsection.6.10.3}% 150
\BOOKMARK [3][-]{subsubsection.6.10.3.4}{\376\377\0006\000.\0001\0000\000.\0003\000.\0004\000\040\000g\000e\000t\000A\000r\000m\000a\000d\000u\000r\000a}{subsection.6.10.3}% 151
\BOOKMARK [3][-]{subsubsection.6.10.3.5}{\376\377\0006\000.\0001\0000\000.\0003\000.\0005\000\040\000g\000e\000t\000A\000t\000a\000q\000u\000e}{subsection.6.10.3}% 152
\BOOKMARK [3][-]{subsubsection.6.10.3.6}{\376\377\0006\000.\0001\0000\000.\0003\000.\0006\000\040\000g\000e\000t\000D\000e\000f\000e\000n\000s\000a}{subsection.6.10.3}% 153
\BOOKMARK [3][-]{subsubsection.6.10.3.7}{\376\377\0006\000.\0001\0000\000.\0003\000.\0007\000\040\000g\000e\000t\000D\000i\000s\000c\000r\000e\000c\000i\000o\000n}{subsection.6.10.3}% 154
\BOOKMARK [3][-]{subsubsection.6.10.3.8}{\376\377\0006\000.\0001\0000\000.\0003\000.\0008\000\040\000g\000e\000t\000N\000o\000m\000b\000r\000e}{subsection.6.10.3}% 155
\BOOKMARK [3][-]{subsubsection.6.10.3.9}{\376\377\0006\000.\0001\0000\000.\0003\000.\0009\000\040\000g\000e\000t\000P\000e\000r\000s\000o\000n\000a\000j\000e\000s}{subsection.6.10.3}% 156
\BOOKMARK [3][-]{subsubsection.6.10.3.10}{\376\377\0006\000.\0001\0000\000.\0003\000.\0001\0000\000\040\000g\000e\000t\000T\000i\000p\000o}{subsection.6.10.3}% 157
\BOOKMARK [3][-]{subsubsection.6.10.3.11}{\376\377\0006\000.\0001\0000\000.\0003\000.\0001\0001\000\040\000g\000e\000t\000V\000e\000l\000o\000c\000i\000d\000a\000d}{subsection.6.10.3}% 158
\BOOKMARK [3][-]{subsubsection.6.10.3.12}{\376\377\0006\000.\0001\0000\000.\0003\000.\0001\0002\000\040\000g\000e\000t\000V\000i\000d\000a}{subsection.6.10.3}% 159
\BOOKMARK [3][-]{subsubsection.6.10.3.13}{\376\377\0006\000.\0001\0000\000.\0003\000.\0001\0003\000\040\000n\000u\000m\000e\000r\000o\000D\000e\000P\000e\000r\000s\000o\000n\000a\000j\000e\000s}{subsection.6.10.3}% 160
\BOOKMARK [3][-]{subsubsection.6.10.3.14}{\376\377\0006\000.\0001\0000\000.\0003\000.\0001\0004\000\040\000s\000e\000t\000A\000r\000m\000a\000d\000u\000r\000a}{subsection.6.10.3}% 161
\BOOKMARK [3][-]{subsubsection.6.10.3.15}{\376\377\0006\000.\0001\0000\000.\0003\000.\0001\0005\000\040\000s\000e\000t\000A\000t\000a\000q\000u\000e}{subsection.6.10.3}% 162
\BOOKMARK [3][-]{subsubsection.6.10.3.16}{\376\377\0006\000.\0001\0000\000.\0003\000.\0001\0006\000\040\000s\000e\000t\000D\000e\000f\000e\000n\000s\000a}{subsection.6.10.3}% 163
\BOOKMARK [3][-]{subsubsection.6.10.3.17}{\376\377\0006\000.\0001\0000\000.\0003\000.\0001\0007\000\040\000s\000e\000t\000D\000i\000s\000c\000r\000e\000c\000i\000o\000n}{subsection.6.10.3}% 164
\BOOKMARK [3][-]{subsubsection.6.10.3.18}{\376\377\0006\000.\0001\0000\000.\0003\000.\0001\0008\000\040\000s\000e\000t\000N\000o\000m\000b\000r\000e}{subsection.6.10.3}% 165
\BOOKMARK [3][-]{subsubsection.6.10.3.19}{\376\377\0006\000.\0001\0000\000.\0003\000.\0001\0009\000\040\000s\000e\000t\000P\000e\000r\000s\000o\000n\000a\000j\000e\000s}{subsection.6.10.3}% 166
\BOOKMARK [3][-]{subsubsection.6.10.3.20}{\376\377\0006\000.\0001\0000\000.\0003\000.\0002\0000\000\040\000s\000e\000t\000T\000i\000p\000o}{subsection.6.10.3}% 167
\BOOKMARK [3][-]{subsubsection.6.10.3.21}{\376\377\0006\000.\0001\0000\000.\0003\000.\0002\0001\000\040\000s\000e\000t\000V\000e\000l\000o\000c\000i\000d\000a\000d}{subsection.6.10.3}% 168
\BOOKMARK [3][-]{subsubsection.6.10.3.22}{\376\377\0006\000.\0001\0000\000.\0003\000.\0002\0002\000\040\000s\000e\000t\000V\000i\000d\000a}{subsection.6.10.3}% 169
\BOOKMARK [2][-]{subsection.6.10.4}{\376\377\0006\000.\0001\0000\000.\0004\000\040\000D\000o\000c\000u\000m\000e\000n\000t\000a\000c\000i\000\363\000n\000\040\000d\000e\000\040\000l\000o\000s\000\040\000d\000a\000t\000o\000s\000\040\000m\000i\000e\000m\000b\000r\000o}{section.6.10}% 170
\BOOKMARK [3][-]{subsubsection.6.10.4.1}{\376\377\0006\000.\0001\0000\000.\0004\000.\0001\000\040\000A\000R\000M\000A\000D\000U\000R\000A}{subsection.6.10.4}% 171
\BOOKMARK [3][-]{subsubsection.6.10.4.2}{\376\377\0006\000.\0001\0000\000.\0004\000.\0002\000\040\000B\000O\000T\000A\000S}{subsection.6.10.4}% 172
\BOOKMARK [3][-]{subsubsection.6.10.4.3}{\376\377\0006\000.\0001\0000\000.\0004\000.\0003\000\040\000B\000R\000A\000Z\000A\000L\000E\000T\000E}{subsection.6.10.4}% 173
\BOOKMARK [3][-]{subsubsection.6.10.4.4}{\376\377\0006\000.\0001\0000\000.\0004\000.\0004\000\040\000Y\000E\000L\000M\000O}{subsection.6.10.4}% 174
\BOOKMARK [1][-]{section.6.11}{\376\377\0006\000.\0001\0001\000\040\000R\000e\000f\000e\000r\000e\000n\000c\000i\000a\000\040\000d\000e\000\040\000l\000a\000\040\000C\000l\000a\000s\000e\000\040\000e\000s\000.\000d\000e\000u\000s\000t\000o\000.\000s\000p\000q\000.\000T\000E\000S\000c\000c\000.\000d\000t\000o\000.\000O\000b\000j\000e\000t\000o\000A\000s\000s\000e\000m\000b\000l\000e\000r}{chapter.6}% 175
\BOOKMARK [2][-]{subsection.6.11.1}{\376\377\0006\000.\0001\0001\000.\0001\000\040\000D\000e\000s\000c\000r\000i\000p\000c\000i\000\363\000n\000\040\000d\000e\000t\000a\000l\000l\000a\000d\000a}{section.6.11}% 176
\BOOKMARK [2][-]{subsection.6.11.2}{\376\377\0006\000.\0001\0001\000.\0002\000\040\000D\000o\000c\000u\000m\000e\000n\000t\000a\000c\000i\000\363\000n\000\040\000d\000e\000\040\000l\000a\000s\000\040\000f\000u\000n\000c\000i\000o\000n\000e\000s\000\040\000m\000i\000e\000m\000b\000r\000o}{section.6.11}% 177
\BOOKMARK [3][-]{subsubsection.6.11.2.1}{\376\377\0006\000.\0001\0001\000.\0002\000.\0001\000\040\000e\000n\000t\000i\000t\000y\000D\000T\000O}{subsection.6.11.2}% 178
\BOOKMARK [3][-]{subsubsection.6.11.2.2}{\376\377\0006\000.\0001\0001\000.\0002\000.\0002\000\040\000g\000e\000t\000I\000n\000s\000t\000a\000n\000c\000e}{subsection.6.11.2}% 179
\BOOKMARK [1][-]{section.6.12}{\376\377\0006\000.\0001\0002\000\040\000R\000e\000f\000e\000r\000e\000n\000c\000i\000a\000\040\000d\000e\000\040\000l\000a\000\040\000C\000l\000a\000s\000e\000\040\000e\000s\000.\000d\000e\000u\000s\000t\000o\000.\000s\000p\000q\000.\000T\000E\000S\000c\000c\000.\000d\000t\000o\000.\000O\000b\000j\000e\000t\000o\000D\000T\000O}{chapter.6}% 180
\BOOKMARK [2][-]{subsection.6.12.1}{\376\377\0006\000.\0001\0002\000.\0001\000\040\000D\000e\000s\000c\000r\000i\000p\000c\000i\000\363\000n\000\040\000d\000e\000t\000a\000l\000l\000a\000d\000a}{section.6.12}% 181
\BOOKMARK [2][-]{subsection.6.12.2}{\376\377\0006\000.\0001\0002\000.\0002\000\040\000D\000o\000c\000u\000m\000e\000n\000t\000a\000c\000i\000\363\000n\000\040\000d\000e\000l\000\040\000c\000o\000n\000s\000t\000r\000u\000c\000t\000o\000r\000\040\000y\000\040\000d\000e\000s\000t\000r\000u\000c\000t\000o\000r}{section.6.12}% 182
\BOOKMARK [3][-]{subsubsection.6.12.2.1}{\376\377\0006\000.\0001\0002\000.\0002\000.\0001\000\040\000O\000b\000j\000e\000t\000o\000D\000T\000O}{subsection.6.12.2}% 183
\BOOKMARK [3][-]{subsubsection.6.12.2.2}{\376\377\0006\000.\0001\0002\000.\0002\000.\0002\000\040\000O\000b\000j\000e\000t\000o\000D\000T\000O}{subsection.6.12.2}% 184
\BOOKMARK [2][-]{subsection.6.12.3}{\376\377\0006\000.\0001\0002\000.\0003\000\040\000D\000o\000c\000u\000m\000e\000n\000t\000a\000c\000i\000\363\000n\000\040\000d\000e\000\040\000l\000a\000s\000\040\000f\000u\000n\000c\000i\000o\000n\000e\000s\000\040\000m\000i\000e\000m\000b\000r\000o}{section.6.12}% 185
\BOOKMARK [3][-]{subsubsection.6.12.3.1}{\376\377\0006\000.\0001\0002\000.\0003\000.\0001\000\040\000e\000q\000u\000a\000l\000s}{subsection.6.12.3}% 186
\BOOKMARK [3][-]{subsubsection.6.12.3.2}{\376\377\0006\000.\0001\0002\000.\0003\000.\0002\000\040\000g\000e\000t\000A\000r\000m\000a\000d\000u\000r\000a}{subsection.6.12.3}% 187
\BOOKMARK [3][-]{subsubsection.6.12.3.3}{\376\377\0006\000.\0001\0002\000.\0003\000.\0003\000\040\000g\000e\000t\000A\000t\000a\000q\000u\000e}{subsection.6.12.3}% 188
\BOOKMARK [3][-]{subsubsection.6.12.3.4}{\376\377\0006\000.\0001\0002\000.\0003\000.\0004\000\040\000g\000e\000t\000D\000e\000f\000e\000n\000s\000a}{subsection.6.12.3}% 189
\BOOKMARK [3][-]{subsubsection.6.12.3.5}{\376\377\0006\000.\0001\0002\000.\0003\000.\0005\000\040\000g\000e\000t\000D\000i\000s\000c\000r\000e\000c\000i\000o\000n}{subsection.6.12.3}% 190
\BOOKMARK [3][-]{subsubsection.6.12.3.6}{\376\377\0006\000.\0001\0002\000.\0003\000.\0006\000\040\000g\000e\000t\000N\000o\000m\000b\000r\000e}{subsection.6.12.3}% 191
\BOOKMARK [3][-]{subsubsection.6.12.3.7}{\376\377\0006\000.\0001\0002\000.\0003\000.\0007\000\040\000g\000e\000t\000T\000i\000p\000o}{subsection.6.12.3}% 192
\BOOKMARK [3][-]{subsubsection.6.12.3.8}{\376\377\0006\000.\0001\0002\000.\0003\000.\0008\000\040\000g\000e\000t\000V\000e\000l\000o\000c\000i\000d\000a\000d}{subsection.6.12.3}% 193
\BOOKMARK [3][-]{subsubsection.6.12.3.9}{\376\377\0006\000.\0001\0002\000.\0003\000.\0009\000\040\000g\000e\000t\000V\000i\000d\000a}{subsection.6.12.3}% 194
\BOOKMARK [3][-]{subsubsection.6.12.3.10}{\376\377\0006\000.\0001\0002\000.\0003\000.\0001\0000\000\040\000s\000e\000t\000A\000r\000m\000a\000d\000u\000r\000a}{subsection.6.12.3}% 195
\BOOKMARK [3][-]{subsubsection.6.12.3.11}{\376\377\0006\000.\0001\0002\000.\0003\000.\0001\0001\000\040\000s\000e\000t\000A\000t\000a\000q\000u\000e}{subsection.6.12.3}% 196
\BOOKMARK [3][-]{subsubsection.6.12.3.12}{\376\377\0006\000.\0001\0002\000.\0003\000.\0001\0002\000\040\000s\000e\000t\000D\000e\000f\000e\000n\000s\000a}{subsection.6.12.3}% 197
\BOOKMARK [3][-]{subsubsection.6.12.3.13}{\376\377\0006\000.\0001\0002\000.\0003\000.\0001\0003\000\040\000s\000e\000t\000D\000i\000s\000c\000r\000e\000c\000i\000o\000n}{subsection.6.12.3}% 198
\BOOKMARK [3][-]{subsubsection.6.12.3.14}{\376\377\0006\000.\0001\0002\000.\0003\000.\0001\0004\000\040\000s\000e\000t\000N\000o\000m\000b\000r\000e}{subsection.6.12.3}% 199
\BOOKMARK [3][-]{subsubsection.6.12.3.15}{\376\377\0006\000.\0001\0002\000.\0003\000.\0001\0005\000\040\000s\000e\000t\000T\000i\000p\000o}{subsection.6.12.3}% 200
\BOOKMARK [3][-]{subsubsection.6.12.3.16}{\376\377\0006\000.\0001\0002\000.\0003\000.\0001\0006\000\040\000s\000e\000t\000V\000e\000l\000o\000c\000i\000d\000a\000d}{subsection.6.12.3}% 201
\BOOKMARK [3][-]{subsubsection.6.12.3.17}{\376\377\0006\000.\0001\0002\000.\0003\000.\0001\0007\000\040\000s\000e\000t\000V\000i\000d\000a}{subsection.6.12.3}% 202
\BOOKMARK [2][-]{subsection.6.12.4}{\376\377\0006\000.\0001\0002\000.\0004\000\040\000D\000o\000c\000u\000m\000e\000n\000t\000a\000c\000i\000\363\000n\000\040\000d\000e\000\040\000l\000o\000s\000\040\000d\000a\000t\000o\000s\000\040\000m\000i\000e\000m\000b\000r\000o}{section.6.12}% 203
\BOOKMARK [3][-]{subsubsection.6.12.4.1}{\376\377\0006\000.\0001\0002\000.\0004\000.\0001\000\040\000A\000R\000M\000A\000D\000U\000R\000A}{subsection.6.12.4}% 204
\BOOKMARK [3][-]{subsubsection.6.12.4.2}{\376\377\0006\000.\0001\0002\000.\0004\000.\0002\000\040\000B\000O\000T\000A\000S}{subsection.6.12.4}% 205
\BOOKMARK [3][-]{subsubsection.6.12.4.3}{\376\377\0006\000.\0001\0002\000.\0004\000.\0003\000\040\000B\000R\000A\000Z\000A\000L\000E\000T\000E}{subsection.6.12.4}% 206
\BOOKMARK [3][-]{subsubsection.6.12.4.4}{\376\377\0006\000.\0001\0002\000.\0004\000.\0004\000\040\000Y\000E\000L\000M\000O}{subsection.6.12.4}% 207
\BOOKMARK [1][-]{section.6.13}{\376\377\0006\000.\0001\0003\000\040\000R\000e\000f\000e\000r\000e\000n\000c\000i\000a\000\040\000d\000e\000\040\000l\000a\000\040\000C\000l\000a\000s\000e\000\040\000e\000s\000.\000d\000e\000u\000s\000t\000o\000.\000s\000p\000q\000.\000T\000E\000S\000c\000c\000.\000v\000e\000n\000t\000a\000n\000a\000s\000.\000P\000a\000n\000t\000a\000l\000l\000a\000C\000a\000r\000g\000a\000I\000n\000i\000c\000i\000a\000l}{chapter.6}% 208
\BOOKMARK [2][-]{subsection.6.13.1}{\376\377\0006\000.\0001\0003\000.\0001\000\040\000D\000e\000s\000c\000r\000i\000p\000c\000i\000\363\000n\000\040\000d\000e\000t\000a\000l\000l\000a\000d\000a}{section.6.13}% 209
\BOOKMARK [2][-]{subsection.6.13.2}{\376\377\0006\000.\0001\0003\000.\0002\000\040\000D\000o\000c\000u\000m\000e\000n\000t\000a\000c\000i\000\363\000n\000\040\000d\000e\000\040\000l\000a\000s\000\040\000f\000u\000n\000c\000i\000o\000n\000e\000s\000\040\000m\000i\000e\000m\000b\000r\000o}{section.6.13}% 210
\BOOKMARK [3][-]{subsubsection.6.13.2.1}{\376\377\0006\000.\0001\0003\000.\0002\000.\0001\000\040\000m\000a\000i\000n}{subsection.6.13.2}% 211
\BOOKMARK [1][-]{section.6.14}{\376\377\0006\000.\0001\0004\000\040\000R\000e\000f\000e\000r\000e\000n\000c\000i\000a\000\040\000d\000e\000\040\000l\000a\000\040\000C\000l\000a\000s\000e\000\040\000e\000s\000.\000d\000e\000u\000s\000t\000o\000.\000s\000p\000q\000.\000T\000E\000S\000c\000c\000.\000v\000e\000n\000t\000a\000n\000a\000s\000.\000P\000a\000n\000t\000a\000l\000l\000a\000I\000n\000i\000c\000i\000o}{chapter.6}% 212
\BOOKMARK [2][-]{subsection.6.14.1}{\376\377\0006\000.\0001\0004\000.\0001\000\040\000D\000e\000s\000c\000r\000i\000p\000c\000i\000\363\000n\000\040\000d\000e\000t\000a\000l\000l\000a\000d\000a}{section.6.14}% 213
\BOOKMARK [2][-]{subsection.6.14.2}{\376\377\0006\000.\0001\0004\000.\0002\000\040\000D\000o\000c\000u\000m\000e\000n\000t\000a\000c\000i\000\363\000n\000\040\000d\000e\000l\000\040\000c\000o\000n\000s\000t\000r\000u\000c\000t\000o\000r\000\040\000y\000\040\000d\000e\000s\000t\000r\000u\000c\000t\000o\000r}{section.6.14}% 214
\BOOKMARK [3][-]{subsubsection.6.14.2.1}{\376\377\0006\000.\0001\0004\000.\0002\000.\0001\000\040\000P\000a\000n\000t\000a\000l\000l\000a\000I\000n\000i\000c\000i\000o}{subsection.6.14.2}% 215
\BOOKMARK [2][-]{subsection.6.14.3}{\376\377\0006\000.\0001\0004\000.\0003\000\040\000D\000o\000c\000u\000m\000e\000n\000t\000a\000c\000i\000\363\000n\000\040\000d\000e\000\040\000l\000a\000s\000\040\000f\000u\000n\000c\000i\000o\000n\000e\000s\000\040\000m\000i\000e\000m\000b\000r\000o}{section.6.14}% 216
\BOOKMARK [3][-]{subsubsection.6.14.3.1}{\376\377\0006\000.\0001\0004\000.\0003\000.\0001\000\040\000a\000c\000t\000i\000o\000n\000P\000e\000r\000f\000o\000r\000m\000e\000d}{subsection.6.14.3}% 217
\BOOKMARK [3][-]{subsubsection.6.14.3.2}{\376\377\0006\000.\0001\0004\000.\0003\000.\0002\000\040\000e\000n\000t\000r\000a\000r}{subsection.6.14.3}% 218
\BOOKMARK [3][-]{subsubsection.6.14.3.3}{\376\377\0006\000.\0001\0004\000.\0003\000.\0003\000\040\000k\000e\000y\000P\000r\000e\000s\000s\000e\000d}{subsection.6.14.3}% 219
\BOOKMARK [3][-]{subsubsection.6.14.3.4}{\376\377\0006\000.\0001\0004\000.\0003\000.\0004\000\040\000k\000e\000y\000R\000e\000l\000e\000a\000s\000e\000d}{subsection.6.14.3}% 220
\BOOKMARK [3][-]{subsubsection.6.14.3.5}{\376\377\0006\000.\0001\0004\000.\0003\000.\0005\000\040\000k\000e\000y\000T\000y\000p\000e\000d}{subsection.6.14.3}% 221
\BOOKMARK [1][-]{section.6.15}{\376\377\0006\000.\0001\0005\000\040\000R\000e\000f\000e\000r\000e\000n\000c\000i\000a\000\040\000d\000e\000\040\000l\000a\000\040\000C\000l\000a\000s\000e\000\040\000e\000s\000.\000d\000e\000u\000s\000t\000o\000.\000s\000p\000q\000.\000T\000E\000S\000c\000c\000.\000v\000e\000n\000t\000a\000n\000a\000s\000.\000P\000a\000n\000t\000a\000l\000l\000a\000L\000o\000g\000i\000n}{chapter.6}% 222
\BOOKMARK [2][-]{subsection.6.15.1}{\376\377\0006\000.\0001\0005\000.\0001\000\040\000D\000e\000s\000c\000r\000i\000p\000c\000i\000\363\000n\000\040\000d\000e\000t\000a\000l\000l\000a\000d\000a}{section.6.15}% 223
\BOOKMARK [2][-]{subsection.6.15.2}{\376\377\0006\000.\0001\0005\000.\0002\000\040\000D\000o\000c\000u\000m\000e\000n\000t\000a\000c\000i\000\363\000n\000\040\000d\000e\000l\000\040\000c\000o\000n\000s\000t\000r\000u\000c\000t\000o\000r\000\040\000y\000\040\000d\000e\000s\000t\000r\000u\000c\000t\000o\000r}{section.6.15}% 224
\BOOKMARK [3][-]{subsubsection.6.15.2.1}{\376\377\0006\000.\0001\0005\000.\0002\000.\0001\000\040\000P\000a\000n\000t\000a\000l\000l\000a\000L\000o\000g\000i\000n}{subsection.6.15.2}% 225
\BOOKMARK [2][-]{subsection.6.15.3}{\376\377\0006\000.\0001\0005\000.\0003\000\040\000D\000o\000c\000u\000m\000e\000n\000t\000a\000c\000i\000\363\000n\000\040\000d\000e\000\040\000l\000a\000s\000\040\000f\000u\000n\000c\000i\000o\000n\000e\000s\000\040\000m\000i\000e\000m\000b\000r\000o}{section.6.15}% 226
\BOOKMARK [3][-]{subsubsection.6.15.3.1}{\376\377\0006\000.\0001\0005\000.\0003\000.\0001\000\040\000a\000c\000t\000i\000o\000n\000P\000e\000r\000f\000o\000r\000m\000e\000d}{subsection.6.15.3}% 227
\BOOKMARK [2][-]{subsection.6.15.4}{\376\377\0006\000.\0001\0005\000.\0004\000\040\000D\000o\000c\000u\000m\000e\000n\000t\000a\000c\000i\000\363\000n\000\040\000d\000e\000\040\000l\000o\000s\000\040\000d\000a\000t\000o\000s\000\040\000m\000i\000e\000m\000b\000r\000o}{section.6.15}% 228
\BOOKMARK [3][-]{subsubsection.6.15.4.1}{\376\377\0006\000.\0001\0005\000.\0004\000.\0001\000\040\000n\000o\000m\000U\000s\000u\000a\000r\000i\000o}{subsection.6.15.4}% 229
\BOOKMARK [1][-]{section.6.16}{\376\377\0006\000.\0001\0006\000\040\000R\000e\000f\000e\000r\000e\000n\000c\000i\000a\000\040\000d\000e\000\040\000l\000a\000\040\000C\000l\000a\000s\000e\000\040\000e\000s\000.\000d\000e\000u\000s\000t\000o\000.\000s\000p\000q\000.\000T\000E\000S\000c\000c\000.\000v\000e\000n\000t\000a\000n\000a\000s\000.\000P\000a\000n\000t\000a\000l\000l\000a\000R\000e\000g\000i\000s\000t\000r\000o}{chapter.6}% 230
\BOOKMARK [2][-]{subsection.6.16.1}{\376\377\0006\000.\0001\0006\000.\0001\000\040\000D\000e\000s\000c\000r\000i\000p\000c\000i\000\363\000n\000\040\000d\000e\000t\000a\000l\000l\000a\000d\000a}{section.6.16}% 231
\BOOKMARK [2][-]{subsection.6.16.2}{\376\377\0006\000.\0001\0006\000.\0002\000\040\000D\000o\000c\000u\000m\000e\000n\000t\000a\000c\000i\000\363\000n\000\040\000d\000e\000l\000\040\000c\000o\000n\000s\000t\000r\000u\000c\000t\000o\000r\000\040\000y\000\040\000d\000e\000s\000t\000r\000u\000c\000t\000o\000r}{section.6.16}% 232
\BOOKMARK [3][-]{subsubsection.6.16.2.1}{\376\377\0006\000.\0001\0006\000.\0002\000.\0001\000\040\000P\000a\000n\000t\000a\000l\000l\000a\000R\000e\000g\000i\000s\000t\000r\000o}{subsection.6.16.2}% 233
\BOOKMARK [2][-]{subsection.6.16.3}{\376\377\0006\000.\0001\0006\000.\0003\000\040\000D\000o\000c\000u\000m\000e\000n\000t\000a\000c\000i\000\363\000n\000\040\000d\000e\000\040\000l\000a\000s\000\040\000f\000u\000n\000c\000i\000o\000n\000e\000s\000\040\000m\000i\000e\000m\000b\000r\000o}{section.6.16}% 234
\BOOKMARK [3][-]{subsubsection.6.16.3.1}{\376\377\0006\000.\0001\0006\000.\0003\000.\0001\000\040\000a\000c\000e\000p\000t\000a\000r}{subsection.6.16.3}% 235
\BOOKMARK [3][-]{subsubsection.6.16.3.2}{\376\377\0006\000.\0001\0006\000.\0003\000.\0002\000\040\000a\000c\000t\000i\000o\000n\000P\000e\000r\000f\000o\000r\000m\000e\000d}{subsection.6.16.3}% 236
\BOOKMARK [3][-]{subsubsection.6.16.3.3}{\376\377\0006\000.\0001\0006\000.\0003\000.\0003\000\040\000k\000e\000y\000P\000r\000e\000s\000s\000e\000d}{subsection.6.16.3}% 237
\BOOKMARK [3][-]{subsubsection.6.16.3.4}{\376\377\0006\000.\0001\0006\000.\0003\000.\0004\000\040\000k\000e\000y\000R\000e\000l\000e\000a\000s\000e\000d}{subsection.6.16.3}% 238
\BOOKMARK [3][-]{subsubsection.6.16.3.5}{\376\377\0006\000.\0001\0006\000.\0003\000.\0005\000\040\000k\000e\000y\000T\000y\000p\000e\000d}{subsection.6.16.3}% 239
\BOOKMARK [1][-]{section.6.17}{\376\377\0006\000.\0001\0007\000\040\000R\000e\000f\000e\000r\000e\000n\000c\000i\000a\000\040\000d\000e\000\040\000l\000a\000\040\000C\000l\000a\000s\000e\000\040\000e\000s\000.\000d\000e\000u\000s\000t\000o\000.\000s\000p\000q\000.\000T\000E\000S\000c\000c\000.\000v\000e\000n\000t\000a\000n\000a\000s\000.\000P\000a\000n\000t\000a\000l\000l\000a\000T\000a\000b\000l\000a\000P\000e\000r\000s\000o\000n\000a\000j\000e}{chapter.6}% 240
\BOOKMARK [2][-]{subsection.6.17.1}{\376\377\0006\000.\0001\0007\000.\0001\000\040\000D\000e\000s\000c\000r\000i\000p\000c\000i\000\363\000n\000\040\000d\000e\000t\000a\000l\000l\000a\000d\000a}{section.6.17}% 241
\BOOKMARK [2][-]{subsection.6.17.2}{\376\377\0006\000.\0001\0007\000.\0002\000\040\000D\000o\000c\000u\000m\000e\000n\000t\000a\000c\000i\000\363\000n\000\040\000d\000e\000l\000\040\000c\000o\000n\000s\000t\000r\000u\000c\000t\000o\000r\000\040\000y\000\040\000d\000e\000s\000t\000r\000u\000c\000t\000o\000r}{section.6.17}% 242
\BOOKMARK [3][-]{subsubsection.6.17.2.1}{\376\377\0006\000.\0001\0007\000.\0002\000.\0001\000\040\000P\000a\000n\000t\000a\000l\000l\000a\000T\000a\000b\000l\000a\000P\000e\000r\000s\000o\000n\000a\000j\000e}{subsection.6.17.2}% 243
\BOOKMARK [2][-]{subsection.6.17.3}{\376\377\0006\000.\0001\0007\000.\0003\000\040\000D\000o\000c\000u\000m\000e\000n\000t\000a\000c\000i\000\363\000n\000\040\000d\000e\000\040\000l\000a\000s\000\040\000f\000u\000n\000c\000i\000o\000n\000e\000s\000\040\000m\000i\000e\000m\000b\000r\000o}{section.6.17}% 244
\BOOKMARK [3][-]{subsubsection.6.17.3.1}{\376\377\0006\000.\0001\0007\000.\0003\000.\0001\000\040\000a\000c\000t\000i\000o\000n\000P\000e\000r\000f\000o\000r\000m\000e\000d}{subsection.6.17.3}% 245
\BOOKMARK [3][-]{subsubsection.6.17.3.2}{\376\377\0006\000.\0001\0007\000.\0003\000.\0002\000\040\000c\000a\000r\000g\000a\000r\000T\000a\000b\000l\000a}{subsection.6.17.3}% 246
\BOOKMARK [1][-]{section.6.18}{\376\377\0006\000.\0001\0008\000\040\000R\000e\000f\000e\000r\000e\000n\000c\000i\000a\000\040\000d\000e\000\040\000l\000a\000\040\000C\000l\000a\000s\000e\000\040\000e\000s\000.\000d\000e\000u\000s\000t\000o\000.\000s\000p\000q\000.\000T\000E\000S\000c\000c\000.\000s\000e\000r\000v\000i\000d\000o\000r\000.\000j\000d\000o\000.\000P\000e\000r\000s\000o\000n\000a\000j\000e}{chapter.6}% 247
\BOOKMARK [2][-]{subsection.6.18.1}{\376\377\0006\000.\0001\0008\000.\0001\000\040\000D\000e\000s\000c\000r\000i\000p\000c\000i\000\363\000n\000\040\000d\000e\000t\000a\000l\000l\000a\000d\000a}{section.6.18}% 248
\BOOKMARK [2][-]{subsection.6.18.2}{\376\377\0006\000.\0001\0008\000.\0002\000\040\000D\000o\000c\000u\000m\000e\000n\000t\000a\000c\000i\000\363\000n\000\040\000d\000e\000l\000\040\000c\000o\000n\000s\000t\000r\000u\000c\000t\000o\000r\000\040\000y\000\040\000d\000e\000s\000t\000r\000u\000c\000t\000o\000r}{section.6.18}% 249
\BOOKMARK [3][-]{subsubsection.6.18.2.1}{\376\377\0006\000.\0001\0008\000.\0002\000.\0001\000\040\000P\000e\000r\000s\000o\000n\000a\000j\000e}{subsection.6.18.2}% 250
\BOOKMARK [3][-]{subsubsection.6.18.2.2}{\376\377\0006\000.\0001\0008\000.\0002\000.\0002\000\040\000P\000e\000r\000s\000o\000n\000a\000j\000e}{subsection.6.18.2}% 251
\BOOKMARK [2][-]{subsection.6.18.3}{\376\377\0006\000.\0001\0008\000.\0003\000\040\000D\000o\000c\000u\000m\000e\000n\000t\000a\000c\000i\000\363\000n\000\040\000d\000e\000\040\000l\000a\000s\000\040\000f\000u\000n\000c\000i\000o\000n\000e\000s\000\040\000m\000i\000e\000m\000b\000r\000o}{section.6.18}% 252
\BOOKMARK [3][-]{subsubsection.6.18.3.1}{\376\377\0006\000.\0001\0008\000.\0003\000.\0001\000\040\000a\000n\000i\000a\000d\000i\000r\000O\000b\000j\000e\000t\000o}{subsection.6.18.3}% 253
\BOOKMARK [3][-]{subsubsection.6.18.3.2}{\376\377\0006\000.\0001\0008\000.\0003\000.\0002\000\040\000e\000l\000i\000m\000i\000n\000a\000r\000O\000b\000j\000e\000t\000o}{subsection.6.18.3}% 254
\BOOKMARK [3][-]{subsubsection.6.18.3.3}{\376\377\0006\000.\0001\0008\000.\0003\000.\0003\000\040\000e\000l\000i\000m\000i\000n\000a\000r\000O\000b\000j\000e\000t\000o\000s}{subsection.6.18.3}% 255
\BOOKMARK [3][-]{subsubsection.6.18.3.4}{\376\377\0006\000.\0001\0008\000.\0003\000.\0004\000\040\000e\000q\000u\000a\000l\000s}{subsection.6.18.3}% 256
\BOOKMARK [3][-]{subsubsection.6.18.3.5}{\376\377\0006\000.\0001\0008\000.\0003\000.\0005\000\040\000g\000e\000t\000A\000p\000o\000d\000o}{subsection.6.18.3}% 257
\BOOKMARK [3][-]{subsubsection.6.18.3.6}{\376\377\0006\000.\0001\0008\000.\0003\000.\0006\000\040\000g\000e\000t\000A\000r\000m\000a\000d\000u\000r\000a}{subsection.6.18.3}% 258
\BOOKMARK [3][-]{subsubsection.6.18.3.7}{\376\377\0006\000.\0001\0008\000.\0003\000.\0007\000\040\000g\000e\000t\000A\000t\000a\000q\000u\000e}{subsection.6.18.3}% 259
\BOOKMARK [3][-]{subsubsection.6.18.3.8}{\376\377\0006\000.\0001\0008\000.\0003\000.\0008\000\040\000g\000e\000t\000D\000e\000f\000e\000n\000s\000a}{subsection.6.18.3}% 260
\BOOKMARK [3][-]{subsubsection.6.18.3.9}{\376\377\0006\000.\0001\0008\000.\0003\000.\0009\000\040\000g\000e\000t\000D\000i\000s\000c\000r\000e\000c\000i\000o\000n}{subsection.6.18.3}% 261
\BOOKMARK [3][-]{subsubsection.6.18.3.10}{\376\377\0006\000.\0001\0008\000.\0003\000.\0001\0000\000\040\000g\000e\000t\000F\000e\000c\000h\000a\000C\000r\000e\000a\000c\000i\000o\000n}{subsection.6.18.3}% 262
\BOOKMARK [3][-]{subsubsection.6.18.3.11}{\376\377\0006\000.\0001\0008\000.\0003\000.\0001\0001\000\040\000g\000e\000t\000F\000e\000c\000h\000a\000U\000l\000t\000M\000o\000d}{subsection.6.18.3}% 263
\BOOKMARK [3][-]{subsubsection.6.18.3.12}{\376\377\0006\000.\0001\0008\000.\0003\000.\0001\0002\000\040\000g\000e\000t\000O\000b\000j\000e\000t\000o\000s}{subsection.6.18.3}% 264
\BOOKMARK [3][-]{subsubsection.6.18.3.13}{\376\377\0006\000.\0001\0008\000.\0003\000.\0001\0003\000\040\000g\000e\000t\000T\000i\000p\000o}{subsection.6.18.3}% 265
\BOOKMARK [3][-]{subsubsection.6.18.3.14}{\376\377\0006\000.\0001\0008\000.\0003\000.\0001\0004\000\040\000g\000e\000t\000U\000s\000u\000a\000r\000i\000o}{subsection.6.18.3}% 266
\BOOKMARK [3][-]{subsubsection.6.18.3.15}{\376\377\0006\000.\0001\0008\000.\0003\000.\0001\0005\000\040\000g\000e\000t\000V\000e\000l\000o\000c\000i\000d\000a\000d}{subsection.6.18.3}% 267
\BOOKMARK [3][-]{subsubsection.6.18.3.16}{\376\377\0006\000.\0001\0008\000.\0003\000.\0001\0006\000\040\000g\000e\000t\000V\000i\000d\000a}{subsection.6.18.3}% 268
\BOOKMARK [3][-]{subsubsection.6.18.3.17}{\376\377\0006\000.\0001\0008\000.\0003\000.\0001\0007\000\040\000n\000u\000m\000e\000r\000o\000D\000e\000O\000b\000j\000e\000t\000o\000s}{subsection.6.18.3}% 269
\BOOKMARK [3][-]{subsubsection.6.18.3.18}{\376\377\0006\000.\0001\0008\000.\0003\000.\0001\0008\000\040\000s\000e\000t\000A\000p\000o\000d\000o}{subsection.6.18.3}% 270
\BOOKMARK [3][-]{subsubsection.6.18.3.19}{\376\377\0006\000.\0001\0008\000.\0003\000.\0001\0009\000\040\000s\000e\000t\000A\000r\000m\000a\000d\000u\000r\000a}{subsection.6.18.3}% 271
\BOOKMARK [3][-]{subsubsection.6.18.3.20}{\376\377\0006\000.\0001\0008\000.\0003\000.\0002\0000\000\040\000s\000e\000t\000A\000t\000a\000q\000u\000e}{subsection.6.18.3}% 272
\BOOKMARK [3][-]{subsubsection.6.18.3.21}{\376\377\0006\000.\0001\0008\000.\0003\000.\0002\0001\000\040\000s\000e\000t\000D\000e\000f\000e\000n\000s\000a}{subsection.6.18.3}% 273
\BOOKMARK [3][-]{subsubsection.6.18.3.22}{\376\377\0006\000.\0001\0008\000.\0003\000.\0002\0002\000\040\000s\000e\000t\000D\000i\000s\000c\000r\000e\000c\000i\000o\000n}{subsection.6.18.3}% 274
\BOOKMARK [3][-]{subsubsection.6.18.3.23}{\376\377\0006\000.\0001\0008\000.\0003\000.\0002\0003\000\040\000s\000e\000t\000F\000e\000c\000h\000a\000C\000r\000e\000a\000c\000i\000o\000n}{subsection.6.18.3}% 275
\BOOKMARK [3][-]{subsubsection.6.18.3.24}{\376\377\0006\000.\0001\0008\000.\0003\000.\0002\0004\000\040\000s\000e\000t\000F\000e\000c\000h\000a\000U\000l\000t\000M\000o\000d}{subsection.6.18.3}% 276
\BOOKMARK [3][-]{subsubsection.6.18.3.25}{\376\377\0006\000.\0001\0008\000.\0003\000.\0002\0005\000\040\000s\000e\000t\000O\000b\000j\000e\000t\000o\000s}{subsection.6.18.3}% 277
\BOOKMARK [3][-]{subsubsection.6.18.3.26}{\376\377\0006\000.\0001\0008\000.\0003\000.\0002\0006\000\040\000s\000e\000t\000T\000i\000p\000o}{subsection.6.18.3}% 278
\BOOKMARK [3][-]{subsubsection.6.18.3.27}{\376\377\0006\000.\0001\0008\000.\0003\000.\0002\0007\000\040\000s\000e\000t\000U\000s\000u\000a\000r\000i\000o}{subsection.6.18.3}% 279
\BOOKMARK [3][-]{subsubsection.6.18.3.28}{\376\377\0006\000.\0001\0008\000.\0003\000.\0002\0008\000\040\000s\000e\000t\000V\000e\000l\000o\000c\000i\000d\000a\000d}{subsection.6.18.3}% 280
\BOOKMARK [3][-]{subsubsection.6.18.3.29}{\376\377\0006\000.\0001\0008\000.\0003\000.\0002\0009\000\040\000s\000e\000t\000V\000i\000d\000a}{subsection.6.18.3}% 281
\BOOKMARK [2][-]{subsection.6.18.4}{\376\377\0006\000.\0001\0008\000.\0004\000\040\000D\000o\000c\000u\000m\000e\000n\000t\000a\000c\000i\000\363\000n\000\040\000d\000e\000\040\000l\000o\000s\000\040\000d\000a\000t\000o\000s\000\040\000m\000i\000e\000m\000b\000r\000o}{section.6.18}% 282
\BOOKMARK [3][-]{subsubsection.6.18.4.1}{\376\377\0006\000.\0001\0008\000.\0004\000.\0001\000\040\000E\000L\000F\000O}{subsection.6.18.4}% 283
\BOOKMARK [3][-]{subsubsection.6.18.4.2}{\376\377\0006\000.\0001\0008\000.\0004\000.\0002\000\040\000O\000R\000C\000O}{subsection.6.18.4}% 284
\BOOKMARK [1][-]{section.6.19}{\376\377\0006\000.\0001\0009\000\040\000R\000e\000f\000e\000r\000e\000n\000c\000i\000a\000\040\000d\000e\000\040\000l\000a\000\040\000C\000l\000a\000s\000e\000\040\000e\000s\000.\000d\000e\000u\000s\000t\000o\000.\000s\000p\000q\000.\000T\000E\000S\000c\000c\000.\000d\000t\000o\000.\000P\000e\000r\000s\000o\000n\000a\000j\000e\000A\000s\000s\000e\000m\000b\000l\000e\000r}{chapter.6}% 285
\BOOKMARK [2][-]{subsection.6.19.1}{\376\377\0006\000.\0001\0009\000.\0001\000\040\000D\000e\000s\000c\000r\000i\000p\000c\000i\000\363\000n\000\040\000d\000e\000t\000a\000l\000l\000a\000d\000a}{section.6.19}% 286
\BOOKMARK [2][-]{subsection.6.19.2}{\376\377\0006\000.\0001\0009\000.\0002\000\040\000D\000o\000c\000u\000m\000e\000n\000t\000a\000c\000i\000\363\000n\000\040\000d\000e\000\040\000l\000a\000s\000\040\000f\000u\000n\000c\000i\000o\000n\000e\000s\000\040\000m\000i\000e\000m\000b\000r\000o}{section.6.19}% 287
\BOOKMARK [3][-]{subsubsection.6.19.2.1}{\376\377\0006\000.\0001\0009\000.\0002\000.\0001\000\040\000e\000n\000t\000i\000t\000y\000D\000T\000O}{subsection.6.19.2}% 288
\BOOKMARK [3][-]{subsubsection.6.19.2.2}{\376\377\0006\000.\0001\0009\000.\0002\000.\0002\000\040\000g\000e\000t\000I\000n\000s\000t\000a\000n\000c\000e}{subsection.6.19.2}% 289
\BOOKMARK [1][-]{section.6.20}{\376\377\0006\000.\0002\0000\000\040\000R\000e\000f\000e\000r\000e\000n\000c\000i\000a\000\040\000d\000e\000\040\000l\000a\000\040\000C\000l\000a\000s\000e\000\040\000e\000s\000.\000d\000e\000u\000s\000t\000o\000.\000s\000p\000q\000.\000T\000E\000S\000c\000c\000.\000d\000t\000o\000.\000P\000e\000r\000s\000o\000n\000a\000j\000e\000D\000T\000O}{chapter.6}% 290
\BOOKMARK [2][-]{subsection.6.20.1}{\376\377\0006\000.\0002\0000\000.\0001\000\040\000D\000e\000s\000c\000r\000i\000p\000c\000i\000\363\000n\000\040\000d\000e\000t\000a\000l\000l\000a\000d\000a}{section.6.20}% 291
\BOOKMARK [2][-]{subsection.6.20.2}{\376\377\0006\000.\0002\0000\000.\0002\000\040\000D\000o\000c\000u\000m\000e\000n\000t\000a\000c\000i\000\363\000n\000\040\000d\000e\000l\000\040\000c\000o\000n\000s\000t\000r\000u\000c\000t\000o\000r\000\040\000y\000\040\000d\000e\000s\000t\000r\000u\000c\000t\000o\000r}{section.6.20}% 292
\BOOKMARK [3][-]{subsubsection.6.20.2.1}{\376\377\0006\000.\0002\0000\000.\0002\000.\0001\000\040\000P\000e\000r\000s\000o\000n\000a\000j\000e\000D\000T\000O}{subsection.6.20.2}% 293
\BOOKMARK [3][-]{subsubsection.6.20.2.2}{\376\377\0006\000.\0002\0000\000.\0002\000.\0002\000\040\000P\000e\000r\000s\000o\000n\000a\000j\000e\000D\000T\000O}{subsection.6.20.2}% 294
\BOOKMARK [2][-]{subsection.6.20.3}{\376\377\0006\000.\0002\0000\000.\0003\000\040\000D\000o\000c\000u\000m\000e\000n\000t\000a\000c\000i\000\363\000n\000\040\000d\000e\000\040\000l\000a\000s\000\040\000f\000u\000n\000c\000i\000o\000n\000e\000s\000\040\000m\000i\000e\000m\000b\000r\000o}{section.6.20}% 295
\BOOKMARK [3][-]{subsubsection.6.20.3.1}{\376\377\0006\000.\0002\0000\000.\0003\000.\0001\000\040\000e\000q\000u\000a\000l\000s}{subsection.6.20.3}% 296
\BOOKMARK [3][-]{subsubsection.6.20.3.2}{\376\377\0006\000.\0002\0000\000.\0003\000.\0002\000\040\000g\000e\000t\000A\000p\000o\000d\000o}{subsection.6.20.3}% 297
\BOOKMARK [3][-]{subsubsection.6.20.3.3}{\376\377\0006\000.\0002\0000\000.\0003\000.\0003\000\040\000g\000e\000t\000A\000r\000m\000a\000d\000u\000r\000a}{subsection.6.20.3}% 298
\BOOKMARK [3][-]{subsubsection.6.20.3.4}{\376\377\0006\000.\0002\0000\000.\0003\000.\0004\000\040\000g\000e\000t\000A\000t\000a\000q\000u\000e}{subsection.6.20.3}% 299
\BOOKMARK [3][-]{subsubsection.6.20.3.5}{\376\377\0006\000.\0002\0000\000.\0003\000.\0005\000\040\000g\000e\000t\000D\000e\000f\000e\000n\000s\000a}{subsection.6.20.3}% 300
\BOOKMARK [3][-]{subsubsection.6.20.3.6}{\376\377\0006\000.\0002\0000\000.\0003\000.\0006\000\040\000g\000e\000t\000D\000i\000s\000c\000r\000e\000c\000i\000o\000n}{subsection.6.20.3}% 301
\BOOKMARK [3][-]{subsubsection.6.20.3.7}{\376\377\0006\000.\0002\0000\000.\0003\000.\0007\000\040\000g\000e\000t\000F\000e\000c\000h\000a\000C\000r\000e\000a\000c\000i\000o\000n}{subsection.6.20.3}% 302
\BOOKMARK [3][-]{subsubsection.6.20.3.8}{\376\377\0006\000.\0002\0000\000.\0003\000.\0008\000\040\000g\000e\000t\000F\000e\000c\000h\000a\000U\000l\000t\000M\000o\000d}{subsection.6.20.3}% 303
\BOOKMARK [3][-]{subsubsection.6.20.3.9}{\376\377\0006\000.\0002\0000\000.\0003\000.\0009\000\040\000g\000e\000t\000T\000i\000p\000o}{subsection.6.20.3}% 304
\BOOKMARK [3][-]{subsubsection.6.20.3.10}{\376\377\0006\000.\0002\0000\000.\0003\000.\0001\0000\000\040\000g\000e\000t\000V\000e\000l\000o\000c\000i\000d\000a\000d}{subsection.6.20.3}% 305
\BOOKMARK [3][-]{subsubsection.6.20.3.11}{\376\377\0006\000.\0002\0000\000.\0003\000.\0001\0001\000\040\000g\000e\000t\000V\000i\000d\000a}{subsection.6.20.3}% 306
\BOOKMARK [3][-]{subsubsection.6.20.3.12}{\376\377\0006\000.\0002\0000\000.\0003\000.\0001\0002\000\040\000s\000e\000t\000A\000p\000o\000d\000o}{subsection.6.20.3}% 307
\BOOKMARK [3][-]{subsubsection.6.20.3.13}{\376\377\0006\000.\0002\0000\000.\0003\000.\0001\0003\000\040\000s\000e\000t\000A\000r\000m\000a\000d\000u\000r\000a}{subsection.6.20.3}% 308
\BOOKMARK [3][-]{subsubsection.6.20.3.14}{\376\377\0006\000.\0002\0000\000.\0003\000.\0001\0004\000\040\000s\000e\000t\000A\000t\000a\000q\000u\000e}{subsection.6.20.3}% 309
\BOOKMARK [3][-]{subsubsection.6.20.3.15}{\376\377\0006\000.\0002\0000\000.\0003\000.\0001\0005\000\040\000s\000e\000t\000D\000e\000f\000e\000n\000s\000a}{subsection.6.20.3}% 310
\BOOKMARK [3][-]{subsubsection.6.20.3.16}{\376\377\0006\000.\0002\0000\000.\0003\000.\0001\0006\000\040\000s\000e\000t\000D\000i\000s\000c\000r\000e\000c\000i\000o\000n}{subsection.6.20.3}% 311
\BOOKMARK [3][-]{subsubsection.6.20.3.17}{\376\377\0006\000.\0002\0000\000.\0003\000.\0001\0007\000\040\000s\000e\000t\000F\000e\000c\000h\000a\000C\000r\000e\000a\000c\000i\000o\000n}{subsection.6.20.3}% 312
\BOOKMARK [3][-]{subsubsection.6.20.3.18}{\376\377\0006\000.\0002\0000\000.\0003\000.\0001\0008\000\040\000s\000e\000t\000F\000e\000c\000h\000a\000U\000l\000t\000M\000o\000d}{subsection.6.20.3}% 313
\BOOKMARK [3][-]{subsubsection.6.20.3.19}{\376\377\0006\000.\0002\0000\000.\0003\000.\0001\0009\000\040\000s\000e\000t\000T\000i\000p\000o}{subsection.6.20.3}% 314
\BOOKMARK [3][-]{subsubsection.6.20.3.20}{\376\377\0006\000.\0002\0000\000.\0003\000.\0002\0000\000\040\000s\000e\000t\000V\000e\000l\000o\000c\000i\000d\000a\000d}{subsection.6.20.3}% 315
\BOOKMARK [3][-]{subsubsection.6.20.3.21}{\376\377\0006\000.\0002\0000\000.\0003\000.\0002\0001\000\040\000s\000e\000t\000V\000i\000d\000a}{subsection.6.20.3}% 316
\BOOKMARK [2][-]{subsection.6.20.4}{\376\377\0006\000.\0002\0000\000.\0004\000\040\000D\000o\000c\000u\000m\000e\000n\000t\000a\000c\000i\000\363\000n\000\040\000d\000e\000\040\000l\000o\000s\000\040\000d\000a\000t\000o\000s\000\040\000m\000i\000e\000m\000b\000r\000o}{section.6.20}% 317
\BOOKMARK [3][-]{subsubsection.6.20.4.1}{\376\377\0006\000.\0002\0000\000.\0004\000.\0001\000\040\000E\000L\000F\000O}{subsection.6.20.4}% 318
\BOOKMARK [3][-]{subsubsection.6.20.4.2}{\376\377\0006\000.\0002\0000\000.\0004\000.\0002\000\040\000O\000R\000C\000O}{subsection.6.20.4}% 319
\BOOKMARK [1][-]{section.6.21}{\376\377\0006\000.\0002\0001\000\040\000R\000e\000f\000e\000r\000e\000n\000c\000i\000a\000\040\000d\000e\000\040\000l\000a\000\040\000C\000l\000a\000s\000e\000\040\000e\000s\000.\000d\000e\000u\000s\000t\000o\000.\000s\000p\000q\000.\000T\000E\000S\000c\000c\000.\000c\000l\000i\000e\000n\000t\000e\000.\000R\000M\000I\000S\000e\000r\000v\000i\000c\000e\000L\000o\000c\000a\000t\000o\000r}{chapter.6}% 320
\BOOKMARK [2][-]{subsection.6.21.1}{\376\377\0006\000.\0002\0001\000.\0001\000\040\000D\000e\000s\000c\000r\000i\000p\000c\000i\000\363\000n\000\040\000d\000e\000t\000a\000l\000l\000a\000d\000a}{section.6.21}% 321
\BOOKMARK [2][-]{subsection.6.21.2}{\376\377\0006\000.\0002\0001\000.\0002\000\040\000D\000o\000c\000u\000m\000e\000n\000t\000a\000c\000i\000\363\000n\000\040\000d\000e\000l\000\040\000c\000o\000n\000s\000t\000r\000u\000c\000t\000o\000r\000\040\000y\000\040\000d\000e\000s\000t\000r\000u\000c\000t\000o\000r}{section.6.21}% 322
\BOOKMARK [3][-]{subsubsection.6.21.2.1}{\376\377\0006\000.\0002\0001\000.\0002\000.\0001\000\040\000R\000M\000I\000S\000e\000r\000v\000i\000c\000e\000L\000o\000c\000a\000t\000o\000r}{subsection.6.21.2}% 323
\BOOKMARK [2][-]{subsection.6.21.3}{\376\377\0006\000.\0002\0001\000.\0003\000\040\000D\000o\000c\000u\000m\000e\000n\000t\000a\000c\000i\000\363\000n\000\040\000d\000e\000\040\000l\000a\000s\000\040\000f\000u\000n\000c\000i\000o\000n\000e\000s\000\040\000m\000i\000e\000m\000b\000r\000o}{section.6.21}% 324
\BOOKMARK [3][-]{subsubsection.6.21.3.1}{\376\377\0006\000.\0002\0001\000.\0003\000.\0001\000\040\000g\000e\000t\000S\000e\000r\000v\000i\000c\000e}{subsection.6.21.3}% 325
\BOOKMARK [3][-]{subsubsection.6.21.3.2}{\376\377\0006\000.\0002\0001\000.\0003\000.\0002\000\040\000s\000e\000t\000S\000e\000r\000v\000i\000c\000e}{subsection.6.21.3}% 326
\BOOKMARK [1][-]{section.6.22}{\376\377\0006\000.\0002\0002\000\040\000R\000e\000f\000e\000r\000e\000n\000c\000i\000a\000\040\000d\000e\000\040\000l\000a\000\040\000C\000l\000a\000s\000e\000\040\000e\000s\000.\000d\000e\000u\000s\000t\000o\000.\000s\000p\000q\000.\000T\000E\000S\000c\000c\000.\000s\000e\000r\000v\000i\000d\000o\000r\000.\000S\000e\000r\000v\000i\000c\000i\000o\000T\000E\000S}{chapter.6}% 327
\BOOKMARK [2][-]{subsection.6.22.1}{\376\377\0006\000.\0002\0002\000.\0001\000\040\000D\000e\000s\000c\000r\000i\000p\000c\000i\000\363\000n\000\040\000d\000e\000t\000a\000l\000l\000a\000d\000a}{section.6.22}% 328
\BOOKMARK [2][-]{subsection.6.22.2}{\376\377\0006\000.\0002\0002\000.\0002\000\040\000D\000o\000c\000u\000m\000e\000n\000t\000a\000c\000i\000\363\000n\000\040\000d\000e\000\040\000l\000a\000s\000\040\000f\000u\000n\000c\000i\000o\000n\000e\000s\000\040\000m\000i\000e\000m\000b\000r\000o}{section.6.22}% 329
\BOOKMARK [3][-]{subsubsection.6.22.2.1}{\376\377\0006\000.\0002\0002\000.\0002\000.\0001\000\040\000d\000a\000r\000s\000e\000B\000a\000j\000a}{subsection.6.22.2}% 330
\BOOKMARK [3][-]{subsubsection.6.22.2.2}{\376\377\0006\000.\0002\0002\000.\0002\000.\0002\000\040\000d\000e\000l\000e\000t\000e\000P\000e\000r\000s\000o\000n\000a\000j\000e}{subsection.6.22.2}% 331
\BOOKMARK [3][-]{subsubsection.6.22.2.3}{\376\377\0006\000.\0002\0002\000.\0002\000.\0003\000\040\000e\000x\000i\000s\000t\000e\000U\000s\000u\000a\000r\000i\000o}{subsection.6.22.2}% 332
\BOOKMARK [3][-]{subsubsection.6.22.2.4}{\376\377\0006\000.\0002\0002\000.\0002\000.\0004\000\040\000g\000e\000t\000I\000n\000s\000t\000a\000n\000c\000e}{subsection.6.22.2}% 333
\BOOKMARK [3][-]{subsubsection.6.22.2.5}{\376\377\0006\000.\0002\0002\000.\0002\000.\0005\000\040\000g\000e\000t\000O\000b\000j\000e\000t\000o\000s}{subsection.6.22.2}% 334
\BOOKMARK [3][-]{subsubsection.6.22.2.6}{\376\377\0006\000.\0002\0002\000.\0002\000.\0006\000\040\000g\000e\000t\000O\000b\000j\000e\000t\000o\000s\000P\000o\000r\000P\000e\000r\000s\000o\000n\000a\000j\000e}{subsection.6.22.2}% 335
\BOOKMARK [3][-]{subsubsection.6.22.2.7}{\376\377\0006\000.\0002\0002\000.\0002\000.\0007\000\040\000g\000e\000t\000P\000e\000r\000s\000o\000n\000a\000j\000e}{subsection.6.22.2}% 336
\BOOKMARK [3][-]{subsubsection.6.22.2.8}{\376\377\0006\000.\0002\0002\000.\0002\000.\0008\000\040\000g\000e\000t\000P\000e\000r\000s\000o\000n\000a\000j\000e\000s\000P\000o\000r\000U\000s\000u\000a\000r\000i\000o}{subsection.6.22.2}% 337
\BOOKMARK [3][-]{subsubsection.6.22.2.9}{\376\377\0006\000.\0002\0002\000.\0002\000.\0009\000\040\000g\000u\000a\000r\000d\000a\000r\000P\000e\000r\000s\000o\000n\000a\000j\000e}{subsection.6.22.2}% 338
\BOOKMARK [3][-]{subsubsection.6.22.2.10}{\376\377\0006\000.\0002\0002\000.\0002\000.\0001\0000\000\040\000l\000o\000g\000i\000n}{subsection.6.22.2}% 339
\BOOKMARK [3][-]{subsubsection.6.22.2.11}{\376\377\0006\000.\0002\0002\000.\0002\000.\0001\0001\000\040\000r\000e\000g\000i\000s\000t\000r\000o}{subsection.6.22.2}% 340
\BOOKMARK [1][-]{section.6.23}{\376\377\0006\000.\0002\0003\000\040\000R\000e\000f\000e\000r\000e\000n\000c\000i\000a\000\040\000d\000e\000\040\000l\000a\000\040\000C\000l\000a\000s\000e\000\040\000e\000s\000.\000d\000e\000u\000s\000t\000o\000.\000s\000p\000q\000.\000T\000E\000S\000c\000c\000.\000s\000e\000r\000v\000i\000d\000o\000r\000.\000S\000e\000r\000v\000i\000d\000o\000r}{chapter.6}% 341
\BOOKMARK [2][-]{subsection.6.23.1}{\376\377\0006\000.\0002\0003\000.\0001\000\040\000D\000e\000s\000c\000r\000i\000p\000c\000i\000\363\000n\000\040\000d\000e\000t\000a\000l\000l\000a\000d\000a}{section.6.23}% 342
\BOOKMARK [2][-]{subsection.6.23.2}{\376\377\0006\000.\0002\0003\000.\0002\000\040\000D\000o\000c\000u\000m\000e\000n\000t\000a\000c\000i\000\363\000n\000\040\000d\000e\000l\000\040\000c\000o\000n\000s\000t\000r\000u\000c\000t\000o\000r\000\040\000y\000\040\000d\000e\000s\000t\000r\000u\000c\000t\000o\000r}{section.6.23}% 343
\BOOKMARK [3][-]{subsubsection.6.23.2.1}{\376\377\0006\000.\0002\0003\000.\0002\000.\0001\000\040\000S\000e\000r\000v\000i\000d\000o\000r}{subsection.6.23.2}% 344
\BOOKMARK [2][-]{subsection.6.23.3}{\376\377\0006\000.\0002\0003\000.\0003\000\040\000D\000o\000c\000u\000m\000e\000n\000t\000a\000c\000i\000\363\000n\000\040\000d\000e\000\040\000l\000a\000s\000\040\000f\000u\000n\000c\000i\000o\000n\000e\000s\000\040\000m\000i\000e\000m\000b\000r\000o}{section.6.23}% 345
\BOOKMARK [3][-]{subsubsection.6.23.3.1}{\376\377\0006\000.\0002\0003\000.\0003\000.\0001\000\040\000m\000a\000i\000n}{subsection.6.23.3}% 346
\BOOKMARK [1][-]{section.6.24}{\376\377\0006\000.\0002\0004\000\040\000R\000e\000f\000e\000r\000e\000n\000c\000i\000a\000\040\000d\000e\000\040\000l\000a\000\040\000C\000l\000a\000s\000e\000\040\000e\000s\000.\000d\000e\000u\000s\000t\000o\000.\000s\000p\000q\000.\000T\000E\000S\000c\000c\000.\000s\000e\000r\000v\000i\000d\000o\000r\000.\000j\000d\000o\000.\000U\000s\000u\000a\000r\000i\000o}{chapter.6}% 347
\BOOKMARK [2][-]{subsection.6.24.1}{\376\377\0006\000.\0002\0004\000.\0001\000\040\000D\000e\000s\000c\000r\000i\000p\000c\000i\000\363\000n\000\040\000d\000e\000t\000a\000l\000l\000a\000d\000a}{section.6.24}% 348
\BOOKMARK [2][-]{subsection.6.24.2}{\376\377\0006\000.\0002\0004\000.\0002\000\040\000D\000o\000c\000u\000m\000e\000n\000t\000a\000c\000i\000\363\000n\000\040\000d\000e\000l\000\040\000c\000o\000n\000s\000t\000r\000u\000c\000t\000o\000r\000\040\000y\000\040\000d\000e\000s\000t\000r\000u\000c\000t\000o\000r}{section.6.24}% 349
\BOOKMARK [3][-]{subsubsection.6.24.2.1}{\376\377\0006\000.\0002\0004\000.\0002\000.\0001\000\040\000U\000s\000u\000a\000r\000i\000o}{subsection.6.24.2}% 350
\BOOKMARK [3][-]{subsubsection.6.24.2.2}{\376\377\0006\000.\0002\0004\000.\0002\000.\0002\000\040\000U\000s\000u\000a\000r\000i\000o}{subsection.6.24.2}% 351
\BOOKMARK [2][-]{subsection.6.24.3}{\376\377\0006\000.\0002\0004\000.\0003\000\040\000D\000o\000c\000u\000m\000e\000n\000t\000a\000c\000i\000\363\000n\000\040\000d\000e\000\040\000l\000a\000s\000\040\000f\000u\000n\000c\000i\000o\000n\000e\000s\000\040\000m\000i\000e\000m\000b\000r\000o}{section.6.24}% 352
\BOOKMARK [3][-]{subsubsection.6.24.3.1}{\376\377\0006\000.\0002\0004\000.\0003\000.\0001\000\040\000a\000n\000i\000a\000d\000i\000r\000P\000e\000r\000s\000o\000n\000a\000j\000e}{subsection.6.24.3}% 353
\BOOKMARK [3][-]{subsubsection.6.24.3.2}{\376\377\0006\000.\0002\0004\000.\0003\000.\0002\000\040\000e\000l\000i\000m\000i\000n\000a\000r\000P\000e\000r\000s\000o\000n\000a\000j\000e}{subsection.6.24.3}% 354
\BOOKMARK [3][-]{subsubsection.6.24.3.3}{\376\377\0006\000.\0002\0004\000.\0003\000.\0003\000\040\000e\000q\000u\000a\000l\000s}{subsection.6.24.3}% 355
\BOOKMARK [3][-]{subsubsection.6.24.3.4}{\376\377\0006\000.\0002\0004\000.\0003\000.\0004\000\040\000g\000e\000t\000C\000o\000n\000t\000r\000a\000s\000e\000n\000a}{subsection.6.24.3}% 356
\BOOKMARK [3][-]{subsubsection.6.24.3.5}{\376\377\0006\000.\0002\0004\000.\0003\000.\0005\000\040\000g\000e\000t\000N\000o\000m\000b\000r\000e}{subsection.6.24.3}% 357
\BOOKMARK [3][-]{subsubsection.6.24.3.6}{\376\377\0006\000.\0002\0004\000.\0003\000.\0006\000\040\000g\000e\000t\000P\000e\000r\000s\000o\000n\000a\000j\000e\000s}{subsection.6.24.3}% 358
\BOOKMARK [3][-]{subsubsection.6.24.3.7}{\376\377\0006\000.\0002\0004\000.\0003\000.\0007\000\040\000g\000e\000t\000U\000s\000e\000r\000n\000a\000m\000e}{subsection.6.24.3}% 359
\BOOKMARK [3][-]{subsubsection.6.24.3.8}{\376\377\0006\000.\0002\0004\000.\0003\000.\0008\000\040\000n\000u\000m\000e\000r\000o\000D\000e\000P\000e\000r\000s\000o\000n\000a\000j\000e\000s}{subsection.6.24.3}% 360
\BOOKMARK [3][-]{subsubsection.6.24.3.9}{\376\377\0006\000.\0002\0004\000.\0003\000.\0009\000\040\000s\000e\000t\000C\000o\000n\000t\000r\000a\000s\000e\000n\000a}{subsection.6.24.3}% 361
\BOOKMARK [3][-]{subsubsection.6.24.3.10}{\376\377\0006\000.\0002\0004\000.\0003\000.\0001\0000\000\040\000s\000e\000t\000N\000o\000m\000b\000r\000e}{subsection.6.24.3}% 362
\BOOKMARK [3][-]{subsubsection.6.24.3.11}{\376\377\0006\000.\0002\0004\000.\0003\000.\0001\0001\000\040\000s\000e\000t\000P\000e\000r\000s\000o\000n\000a\000j\000e\000s}{subsection.6.24.3}% 363
\BOOKMARK [3][-]{subsubsection.6.24.3.12}{\376\377\0006\000.\0002\0004\000.\0003\000.\0001\0002\000\040\000s\000e\000t\000U\000s\000e\000r\000n\000a\000m\000e}{subsection.6.24.3}% 364
\BOOKMARK [1][-]{section.6.25}{\376\377\0006\000.\0002\0005\000\040\000R\000e\000f\000e\000r\000e\000n\000c\000i\000a\000\040\000d\000e\000\040\000l\000a\000\040\000C\000l\000a\000s\000e\000\040\000e\000s\000.\000d\000e\000u\000s\000t\000o\000.\000s\000p\000q\000.\000T\000E\000S\000c\000c\000.\000u\000t\000i\000l\000i\000d\000a\000d\000e\000s\000.\000U\000t\000i\000l\000i\000d\000a\000d\000e\000s\000G\000U\000I}{chapter.6}% 365
\BOOKMARK [2][-]{subsection.6.25.1}{\376\377\0006\000.\0002\0005\000.\0001\000\040\000D\000e\000s\000c\000r\000i\000p\000c\000i\000\363\000n\000\040\000d\000e\000t\000a\000l\000l\000a\000d\000a}{section.6.25}% 366
\BOOKMARK [2][-]{subsection.6.25.2}{\376\377\0006\000.\0002\0005\000.\0002\000\040\000D\000o\000c\000u\000m\000e\000n\000t\000a\000c\000i\000\363\000n\000\040\000d\000e\000\040\000l\000a\000s\000\040\000f\000u\000n\000c\000i\000o\000n\000e\000s\000\040\000m\000i\000e\000m\000b\000r\000o}{section.6.25}% 367
\BOOKMARK [3][-]{subsubsection.6.25.2.1}{\376\377\0006\000.\0002\0005\000.\0002\000.\0001\000\040\000g\000e\000t\000C\000o\000n\000t\000e\000n\000e\000d\000o\000r\000P\000r\000i\000n\000c\000i\000p\000a\000l}{subsection.6.25.2}% 368
\BOOKMARK [0][-]{chapter.7}{\376\377\0007\000\040\000D\000o\000c\000u\000m\000e\000n\000t\000a\000c\000i\000\363\000n\000\040\000d\000e\000\040\000a\000r\000c\000h\000i\000v\000o\000s}{}% 369
\BOOKMARK [1][-]{section.7.1}{\376\377\0007\000.\0001\000\040\000R\000e\000f\000e\000r\000e\000n\000c\000i\000a\000\040\000d\000e\000l\000\040\000A\000r\000c\000h\000i\000v\000o\000\040\000s\000r\000c\000/\000m\000a\000i\000n\000/\000j\000a\000v\000a\000/\000e\000s\000/\000d\000e\000u\000s\000t\000o\000/\000s\000p\000q\000/\000T\000E\000S\000c\000c\000/\000c\000l\000i\000e\000n\000t\000e\000/\000C\000o\000n\000t\000r\000o\000l\000l\000e\000r\000T\000E\000S\000.\000j\000a\000v\000a}{chapter.7}% 370
\BOOKMARK [1][-]{section.7.2}{\376\377\0007\000.\0002\000\040\000R\000e\000f\000e\000r\000e\000n\000c\000i\000a\000\040\000d\000e\000l\000\040\000A\000r\000c\000h\000i\000v\000o\000\040\000s\000r\000c\000/\000m\000a\000i\000n\000/\000j\000a\000v\000a\000/\000e\000s\000/\000d\000e\000u\000s\000t\000o\000/\000s\000p\000q\000/\000T\000E\000S\000c\000c\000/\000c\000l\000i\000e\000n\000t\000e\000/\000R\000M\000I\000S\000e\000r\000v\000i\000c\000e\000L\000o\000c\000a\000t\000o\000r\000.\000j\000a\000v\000a}{chapter.7}% 371
\BOOKMARK [1][-]{section.7.3}{\376\377\0007\000.\0003\000\040\000R\000e\000f\000e\000r\000e\000n\000c\000i\000a\000\040\000d\000e\000l\000\040\000A\000r\000c\000h\000i\000v\000o\000\040\000s\000r\000c\000/\000m\000a\000i\000n\000/\000j\000a\000v\000a\000/\000e\000s\000/\000d\000e\000u\000s\000t\000o\000/\000s\000p\000q\000/\000T\000E\000S\000c\000c\000/\000d\000t\000o\000/\000O\000b\000j\000e\000t\000o\000A\000s\000s\000e\000m\000b\000l\000e\000r\000.\000j\000a\000v\000a}{chapter.7}% 372
\BOOKMARK [1][-]{section.7.4}{\376\377\0007\000.\0004\000\040\000R\000e\000f\000e\000r\000e\000n\000c\000i\000a\000\040\000d\000e\000l\000\040\000A\000r\000c\000h\000i\000v\000o\000\040\000s\000r\000c\000/\000m\000a\000i\000n\000/\000j\000a\000v\000a\000/\000e\000s\000/\000d\000e\000u\000s\000t\000o\000/\000s\000p\000q\000/\000T\000E\000S\000c\000c\000/\000d\000t\000o\000/\000O\000b\000j\000e\000t\000o\000D\000T\000O\000.\000j\000a\000v\000a}{chapter.7}% 373
\BOOKMARK [1][-]{section.7.5}{\376\377\0007\000.\0005\000\040\000R\000e\000f\000e\000r\000e\000n\000c\000i\000a\000\040\000d\000e\000l\000\040\000A\000r\000c\000h\000i\000v\000o\000\040\000s\000r\000c\000/\000m\000a\000i\000n\000/\000j\000a\000v\000a\000/\000e\000s\000/\000d\000e\000u\000s\000t\000o\000/\000s\000p\000q\000/\000T\000E\000S\000c\000c\000/\000d\000t\000o\000/\000P\000e\000r\000s\000o\000n\000a\000j\000e\000A\000s\000s\000e\000m\000b\000l\000e\000r\000.\000j\000a\000v\000a}{chapter.7}% 374
\BOOKMARK [1][-]{section.7.6}{\376\377\0007\000.\0006\000\040\000R\000e\000f\000e\000r\000e\000n\000c\000i\000a\000\040\000d\000e\000l\000\040\000A\000r\000c\000h\000i\000v\000o\000\040\000s\000r\000c\000/\000m\000a\000i\000n\000/\000j\000a\000v\000a\000/\000e\000s\000/\000d\000e\000u\000s\000t\000o\000/\000s\000p\000q\000/\000T\000E\000S\000c\000c\000/\000d\000t\000o\000/\000P\000e\000r\000s\000o\000n\000a\000j\000e\000D\000T\000O\000.\000j\000a\000v\000a}{chapter.7}% 375
\BOOKMARK [1][-]{section.7.7}{\376\377\0007\000.\0007\000\040\000R\000e\000f\000e\000r\000e\000n\000c\000i\000a\000\040\000d\000e\000l\000\040\000A\000r\000c\000h\000i\000v\000o\000\040\000s\000r\000c\000/\000m\000a\000i\000n\000/\000j\000a\000v\000a\000/\000e\000s\000/\000d\000e\000u\000s\000t\000o\000/\000s\000p\000q\000/\000T\000E\000S\000c\000c\000/\000s\000e\000r\000v\000i\000d\000o\000r\000/\000D\000A\000O\000D\000a\000t\000a\000b\000a\000s\000e\000.\000j\000a\000v\000a}{chapter.7}% 376
\BOOKMARK [1][-]{section.7.8}{\376\377\0007\000.\0008\000\040\000R\000e\000f\000e\000r\000e\000n\000c\000i\000a\000\040\000d\000e\000l\000\040\000A\000r\000c\000h\000i\000v\000o\000\040\000s\000r\000c\000/\000m\000a\000i\000n\000/\000j\000a\000v\000a\000/\000e\000s\000/\000d\000e\000u\000s\000t\000o\000/\000s\000p\000q\000/\000T\000E\000S\000c\000c\000/\000s\000e\000r\000v\000i\000d\000o\000r\000/\000F\000a\000c\000a\000d\000e\000.\000j\000a\000v\000a}{chapter.7}% 377
\BOOKMARK [1][-]{section.7.9}{\376\377\0007\000.\0009\000\040\000R\000e\000f\000e\000r\000e\000n\000c\000i\000a\000\040\000d\000e\000l\000\040\000A\000r\000c\000h\000i\000v\000o\000\040\000s\000r\000c\000/\000m\000a\000i\000n\000/\000j\000a\000v\000a\000/\000e\000s\000/\000d\000e\000u\000s\000t\000o\000/\000s\000p\000q\000/\000T\000E\000S\000c\000c\000/\000s\000e\000r\000v\000i\000d\000o\000r\000/\000I\000F\000a\000c\000a\000d\000e\000.\000j\000a\000v\000a}{chapter.7}% 378
\BOOKMARK [1][-]{section.7.10}{\376\377\0007\000.\0001\0000\000\040\000R\000e\000f\000e\000r\000e\000n\000c\000i\000a\000\040\000d\000e\000l\000\040\000A\000r\000c\000h\000i\000v\000o\000\040\000s\000r\000c\000/\000m\000a\000i\000n\000/\000j\000a\000v\000a\000/\000e\000s\000/\000d\000e\000u\000s\000t\000o\000/\000s\000p\000q\000/\000T\000E\000S\000c\000c\000/\000s\000e\000r\000v\000i\000d\000o\000r\000/\000j\000d\000o\000/\000O\000b\000j\000e\000t\000o\000.\000j\000a\000v\000a}{chapter.7}% 379
\BOOKMARK [1][-]{section.7.11}{\376\377\0007\000.\0001\0001\000\040\000R\000e\000f\000e\000r\000e\000n\000c\000i\000a\000\040\000d\000e\000l\000\040\000A\000r\000c\000h\000i\000v\000o\000\040\000s\000r\000c\000/\000m\000a\000i\000n\000/\000j\000a\000v\000a\000/\000e\000s\000/\000d\000e\000u\000s\000t\000o\000/\000s\000p\000q\000/\000T\000E\000S\000c\000c\000/\000s\000e\000r\000v\000i\000d\000o\000r\000/\000j\000d\000o\000/\000P\000e\000r\000s\000o\000n\000a\000j\000e\000.\000j\000a\000v\000a}{chapter.7}% 380
\BOOKMARK [1][-]{section.7.12}{\376\377\0007\000.\0001\0002\000\040\000R\000e\000f\000e\000r\000e\000n\000c\000i\000a\000\040\000d\000e\000l\000\040\000A\000r\000c\000h\000i\000v\000o\000\040\000s\000r\000c\000/\000m\000a\000i\000n\000/\000j\000a\000v\000a\000/\000e\000s\000/\000d\000e\000u\000s\000t\000o\000/\000s\000p\000q\000/\000T\000E\000S\000c\000c\000/\000s\000e\000r\000v\000i\000d\000o\000r\000/\000j\000d\000o\000/\000U\000s\000u\000a\000r\000i\000o\000.\000j\000a\000v\000a}{chapter.7}% 381
\BOOKMARK [1][-]{section.7.13}{\376\377\0007\000.\0001\0003\000\040\000R\000e\000f\000e\000r\000e\000n\000c\000i\000a\000\040\000d\000e\000l\000\040\000A\000r\000c\000h\000i\000v\000o\000\040\000s\000r\000c\000/\000m\000a\000i\000n\000/\000j\000a\000v\000a\000/\000e\000s\000/\000d\000e\000u\000s\000t\000o\000/\000s\000p\000q\000/\000T\000E\000S\000c\000c\000/\000s\000e\000r\000v\000i\000d\000o\000r\000/\000S\000e\000r\000v\000i\000c\000i\000o\000T\000E\000S\000.\000j\000a\000v\000a}{chapter.7}% 382
\BOOKMARK [1][-]{section.7.14}{\376\377\0007\000.\0001\0004\000\040\000R\000e\000f\000e\000r\000e\000n\000c\000i\000a\000\040\000d\000e\000l\000\040\000A\000r\000c\000h\000i\000v\000o\000\040\000s\000r\000c\000/\000m\000a\000i\000n\000/\000j\000a\000v\000a\000/\000e\000s\000/\000d\000e\000u\000s\000t\000o\000/\000s\000p\000q\000/\000T\000E\000S\000c\000c\000/\000s\000e\000r\000v\000i\000d\000o\000r\000/\000S\000e\000r\000v\000i\000d\000o\000r\000.\000j\000a\000v\000a}{chapter.7}% 383
\BOOKMARK [1][-]{section.7.15}{\376\377\0007\000.\0001\0005\000\040\000R\000e\000f\000e\000r\000e\000n\000c\000i\000a\000\040\000d\000e\000l\000\040\000A\000r\000c\000h\000i\000v\000o\000\040\000s\000r\000c\000/\000m\000a\000i\000n\000/\000j\000a\000v\000a\000/\000e\000s\000/\000d\000e\000u\000s\000t\000o\000/\000s\000p\000q\000/\000T\000E\000S\000c\000c\000/\000u\000t\000i\000l\000i\000d\000a\000d\000e\000s\000/\000G\000u\000i\000U\000t\000i\000l\000i\000t\000y\000.\000j\000a\000v\000a}{chapter.7}% 384
\BOOKMARK [1][-]{section.7.16}{\376\377\0007\000.\0001\0006\000\040\000R\000e\000f\000e\000r\000e\000n\000c\000i\000a\000\040\000d\000e\000l\000\040\000A\000r\000c\000h\000i\000v\000o\000\040\000s\000r\000c\000/\000m\000a\000i\000n\000/\000j\000a\000v\000a\000/\000e\000s\000/\000d\000e\000u\000s\000t\000o\000/\000s\000p\000q\000/\000T\000E\000S\000c\000c\000/\000u\000t\000i\000l\000i\000d\000a\000d\000e\000s\000/\000J\000S\000p\000l\000a\000s\000h\000.\000j\000a\000v\000a}{chapter.7}% 385
\BOOKMARK [1][-]{section.7.17}{\376\377\0007\000.\0001\0007\000\040\000R\000e\000f\000e\000r\000e\000n\000c\000i\000a\000\040\000d\000e\000l\000\040\000A\000r\000c\000h\000i\000v\000o\000\040\000s\000r\000c\000/\000m\000a\000i\000n\000/\000j\000a\000v\000a\000/\000e\000s\000/\000d\000e\000u\000s\000t\000o\000/\000s\000p\000q\000/\000T\000E\000S\000c\000c\000/\000u\000t\000i\000l\000i\000d\000a\000d\000e\000s\000/\000J\000S\000p\000l\000a\000s\000h\000L\000a\000b\000e\000l\000.\000j\000a\000v\000a}{chapter.7}% 386
\BOOKMARK [1][-]{section.7.18}{\376\377\0007\000.\0001\0008\000\040\000R\000e\000f\000e\000r\000e\000n\000c\000i\000a\000\040\000d\000e\000l\000\040\000A\000r\000c\000h\000i\000v\000o\000\040\000s\000r\000c\000/\000m\000a\000i\000n\000/\000j\000a\000v\000a\000/\000e\000s\000/\000d\000e\000u\000s\000t\000o\000/\000s\000p\000q\000/\000T\000E\000S\000c\000c\000/\000u\000t\000i\000l\000i\000d\000a\000d\000e\000s\000/\000U\000t\000i\000l\000i\000d\000a\000d\000e\000s\000G\000U\000I\000.\000j\000a\000v\000a}{chapter.7}% 387
\BOOKMARK [1][-]{section.7.19}{\376\377\0007\000.\0001\0009\000\040\000R\000e\000f\000e\000r\000e\000n\000c\000i\000a\000\040\000d\000e\000l\000\040\000A\000r\000c\000h\000i\000v\000o\000\040\000s\000r\000c\000/\000m\000a\000i\000n\000/\000j\000a\000v\000a\000/\000e\000s\000/\000d\000e\000u\000s\000t\000o\000/\000s\000p\000q\000/\000T\000E\000S\000c\000c\000/\000v\000e\000n\000t\000a\000n\000a\000s\000/\000F\000r\000a\000m\000e\000.\000j\000a\000v\000a}{chapter.7}% 388
\BOOKMARK [1][-]{section.7.20}{\376\377\0007\000.\0002\0000\000\040\000R\000e\000f\000e\000r\000e\000n\000c\000i\000a\000\040\000d\000e\000l\000\040\000A\000r\000c\000h\000i\000v\000o\000\040\000s\000r\000c\000/\000m\000a\000i\000n\000/\000j\000a\000v\000a\000/\000e\000s\000/\000d\000e\000u\000s\000t\000o\000/\000s\000p\000q\000/\000T\000E\000S\000c\000c\000/\000v\000e\000n\000t\000a\000n\000a\000s\000/\000M\000e\000n\000u\000P\000e\000r\000s\000o\000n\000a\000j\000e\000.\000j\000a\000v\000a}{chapter.7}% 389
\BOOKMARK [1][-]{section.7.21}{\376\377\0007\000.\0002\0001\000\040\000R\000e\000f\000e\000r\000e\000n\000c\000i\000a\000\040\000d\000e\000l\000\040\000A\000r\000c\000h\000i\000v\000o\000\040\000s\000r\000c\000/\000m\000a\000i\000n\000/\000j\000a\000v\000a\000/\000e\000s\000/\000d\000e\000u\000s\000t\000o\000/\000s\000p\000q\000/\000T\000E\000S\000c\000c\000/\000v\000e\000n\000t\000a\000n\000a\000s\000/\000P\000a\000n\000t\000a\000l\000l\000a\000C\000a\000r\000g\000a\000I\000n\000i\000c\000i\000a\000l\000.\000j\000a\000v\000a}{chapter.7}% 390
\BOOKMARK [1][-]{section.7.22}{\376\377\0007\000.\0002\0002\000\040\000R\000e\000f\000e\000r\000e\000n\000c\000i\000a\000\040\000d\000e\000l\000\040\000A\000r\000c\000h\000i\000v\000o\000\040\000s\000r\000c\000/\000m\000a\000i\000n\000/\000j\000a\000v\000a\000/\000e\000s\000/\000d\000e\000u\000s\000t\000o\000/\000s\000p\000q\000/\000T\000E\000S\000c\000c\000/\000v\000e\000n\000t\000a\000n\000a\000s\000/\000P\000a\000n\000t\000a\000l\000l\000a\000I\000n\000i\000c\000i\000o\000.\000j\000a\000v\000a}{chapter.7}% 391
\BOOKMARK [1][-]{section.7.23}{\376\377\0007\000.\0002\0003\000\040\000R\000e\000f\000e\000r\000e\000n\000c\000i\000a\000\040\000d\000e\000l\000\040\000A\000r\000c\000h\000i\000v\000o\000\040\000s\000r\000c\000/\000m\000a\000i\000n\000/\000j\000a\000v\000a\000/\000e\000s\000/\000d\000e\000u\000s\000t\000o\000/\000s\000p\000q\000/\000T\000E\000S\000c\000c\000/\000v\000e\000n\000t\000a\000n\000a\000s\000/\000P\000a\000n\000t\000a\000l\000l\000a\000L\000o\000g\000i\000n\000.\000j\000a\000v\000a}{chapter.7}% 392
\BOOKMARK [1][-]{section.7.24}{\376\377\0007\000.\0002\0004\000\040\000R\000e\000f\000e\000r\000e\000n\000c\000i\000a\000\040\000d\000e\000l\000\040\000A\000r\000c\000h\000i\000v\000o\000\040\000s\000r\000c\000/\000m\000a\000i\000n\000/\000j\000a\000v\000a\000/\000e\000s\000/\000d\000e\000u\000s\000t\000o\000/\000s\000p\000q\000/\000T\000E\000S\000c\000c\000/\000v\000e\000n\000t\000a\000n\000a\000s\000/\000P\000a\000n\000t\000a\000l\000l\000a\000R\000e\000g\000i\000s\000t\000r\000o\000.\000j\000a\000v\000a}{chapter.7}% 393
\BOOKMARK [1][-]{section.7.25}{\376\377\0007\000.\0002\0005\000\040\000R\000e\000f\000e\000r\000e\000n\000c\000i\000a\000\040\000d\000e\000l\000\040\000A\000r\000c\000h\000i\000v\000o\000\040\000s\000r\000c\000/\000m\000a\000i\000n\000/\000j\000a\000v\000a\000/\000e\000s\000/\000d\000e\000u\000s\000t\000o\000/\000s\000p\000q\000/\000T\000E\000S\000c\000c\000/\000v\000e\000n\000t\000a\000n\000a\000s\000/\000P\000a\000n\000t\000a\000l\000l\000a\000T\000a\000b\000l\000a\000P\000e\000r\000s\000o\000n\000a\000j\000e\000.\000j\000a\000v\000a}{chapter.7}% 394
